<?xml version="1.0" encoding="UTF-8"?>
<!-- Generated by org.testng.reporters.JUnitXMLReporter -->
<testsuite ignored="0" hostname="Guri_Badwal" failures="6" tests="15" name="Surefire test" time="186.049" errors="0" timestamp="09 Jul. 2023 01:30:07 GMT">
  <testcase classname="com.naveenautomationlabs.automationFramework.tests.AccountHasBeenCreatedTest" name="validateUserRegisterWithValidDetails" time="6.084">
    <failure type="java.lang.AssertionError" message="Unable to create account expected [Your Account Has Been Created!] but found [Register Account]">
      <![CDATA[java.lang.AssertionError: Unable to create account expected [Your Account Has Been Created!] but found [Register Account]
at com.naveenautomationlabs.automationFramework.tests.AccountHasBeenCreatedTest.validateUserRegisterWithValidDetails(AccountHasBeenCreatedTest.java:32)
... Removed 35 stack frames]]>
    </failure>
  </testcase> <!-- validateUserRegisterWithValidDetails -->
  <testcase classname="com.naveenautomationlabs.automationFramework.tests.MyAccountTest" name="loginTest" time="2.314"/>
  <testcase classname="com.naveenautomationlabs.automationFramework.tests.MyAccountTest" name="loginTest" time="2.611"/>
  <testcase classname="com.naveenautomationlabs.automationFramework.tests.MyAccountTest" name="loginTest" time="2.423"/>
  <testcase classname="com.naveenautomationlabs.automationFramework.tests.MyAccountTest" name="loginTest" time="2.565"/>
  <testcase classname="com.naveenautomationlabs.automationFramework.tests.MyAccountTest" name="validateLoginUsingValidCredential" time="1.912">
    <failure type="java.lang.AssertionError" message="You are on wrong page expected [My Account] but found [New Customer]">
      <![CDATA[java.lang.AssertionError: You are on wrong page expected [My Account] but found [New Customer]
at com.naveenautomationlabs.automationFramework.tests.MyAccountTest.validateLoginUsingValidCredential(MyAccountTest.java:33)
... Removed 35 stack frames]]>
    </failure>
  </testcase> <!-- validateLoginUsingValidCredential -->
  <testcase classname="com.naveenautomationlabs.automationFramework.tests.MyAccountTest" name="validateSideNavigationBar" time="2.219">
    <failure type="java.lang.AssertionError" message="navigation option  is not clicked expected [true] but found [false]">
      <![CDATA[java.lang.AssertionError: navigation option  is not clicked expected [true] but found [false]
at com.naveenautomationlabs.automationFramework.tests.MyAccountTest.validateSideNavigationBar(MyAccountTest.java:42)
... Removed 33 stack frames]]>
    </failure>
  </testcase> <!-- validateSideNavigationBar -->
  <testcase classname="com.naveenautomationlabs.automationFramework.tests.RegisterAccountTest" name="validateUserRegisterWithAlreadyRegisteredEmail" time="4.579"/>
  <testcase classname="com.naveenautomationlabs.automationFramework.tests.YourStoreTest" name="failedTestCaseExample" time="0.001">
    <failure type="java.lang.AssertionError" message="expected [Kaur] but found [Manpreet]">
      <![CDATA[java.lang.AssertionError: expected [Kaur] but found [Manpreet]
at com.naveenautomationlabs.automationFramework.tests.YourStoreTest.failedTestCaseExample(YourStoreTest.java:33)
... Removed 36 stack frames]]>
    </failure>
  </testcase> <!-- failedTestCaseExample -->
  <testcase classname="com.naveenautomationlabs.automationFramework.tests.YourStoreTest" name="validateIsDisplayImageMoving" time="10.393"/>
  <testcase classname="com.naveenautomationlabs.automationFramework.tests.YourStoreTest" name="validateIsImageSelectedFromVisibleText" time="0.0">
    <failure type="java.lang.IllegalArgumentException" message="Entered text is null.">
      <![CDATA[java.lang.IllegalArgumentException: Entered text is null.
at com.naveenautomationlabs.automationFramework.pages.YourStore.selectItemFromText(YourStore.java:111)
at com.naveenautomationlabs.automationFramework.tests.YourStoreTest.validateIsImageSelectedFromVisibleText(YourStoreTest.java:56)
... Removed 30 stack frames]]>
    </failure>
  </testcase> <!-- validateIsImageSelectedFromVisibleText -->
  <testcase classname="com.naveenautomationlabs.automationFramework.tests.YourStoreTest" name="validateItemsAddedToTheWishlist" time="0.912"/>
  <testcase classname="com.naveenautomationlabs.automationFramework.tests.YourStoreTest" name="validateLogoIsDisplayed" time="0.077"/>
  <testcase classname="com.naveenautomationlabs.automationFramework.tests.MyWishListTest" name="test" time="3.099">
    <failure type="java.util.NoSuchElementException">
      <![CDATA[java.util.NoSuchElementException
at com.naveenautomationlabs.automationFramework.pages.MyWishList.getCellElementFromTable(MyWishList.java:20)
at com.naveenautomationlabs.automationFramework.tests.MyWishListTest.test(MyWishListTest.java:41)
... Removed 30 stack frames]]>
    </failure>
  </testcase> <!-- test -->
  <testcase classname="com.naveenautomationlabs.automationFramework.tests.SearchIphoneTest" name="validateSearchBar" time="1.298"/>
</testsuite> <!-- Surefire test -->
