<?xml version="1.0" encoding="UTF-8"?>
<!-- Generated by org.testng.reporters.JUnitXMLReporter -->
<testsuite ignored="0" hostname="Guri_Badwal" failures="2" tests="14" name="Test" time="167.665" errors="0" timestamp="2023-07-10T13:21:51 EDT">
  <testcase classname="com.naveenautomationlabs.automationFramework.tests.YourStoreTest" name="validateIsDisplayImageMoving" time="10.7"/>
  <testcase classname="com.naveenautomationlabs.automationFramework.tests.YourStoreTest" name="validateItemsAddedToTheWishlist" time="1.212"/>
  <testcase classname="com.naveenautomationlabs.automationFramework.tests.YourStoreTest" name="validateLogoIsDisplayed" time="0.06"/>
  <testcase classname="com.naveenautomationlabs.automationFramework.tests.MyAccountTest" name="loginTest" time="2.464"/>
  <testcase classname="com.naveenautomationlabs.automationFramework.tests.MyAccountTest" name="loginTest" time="2.53"/>
  <testcase classname="com.naveenautomationlabs.automationFramework.tests.MyAccountTest" name="loginTest" time="2.086"/>
  <testcase classname="com.naveenautomationlabs.automationFramework.tests.MyAccountTest" name="loginTest" time="2.535"/>
  <testcase classname="com.naveenautomationlabs.automationFramework.tests.MyAccountTest" name="validateSideNavigationBar" time="1.934">
    <skipped/>
  </testcase> <!-- validateSideNavigationBar -->
  <testcase classname="com.naveenautomationlabs.automationFramework.tests.MyAccountTest" name="validateSideNavigationBar" time="2.092">
    <failure type="java.lang.AssertionError" message="navigation option  is not clicked expected [true] but found [false]">
      <![CDATA[java.lang.AssertionError: navigation option  is not clicked expected [true] but found [false]
at com.naveenautomationlabs.automationFramework.tests.MyAccountTest.validateSideNavigationBar(MyAccountTest.java:45)
at java.base/java.util.ArrayList.forEach(ArrayList.java:1511)
... Removed 30 stack frames]]>
    </failure>
  </testcase> <!-- validateSideNavigationBar -->
  <testcase classname="com.naveenautomationlabs.automationFramework.tests.RegisterAccountTest" name="validateUserRegisterWithAlreadyRegisteredEmail" time="4.039">
    <skipped/>
  </testcase> <!-- validateUserRegisterWithAlreadyRegisteredEmail -->
  <testcase classname="com.naveenautomationlabs.automationFramework.tests.RegisterAccountTest" name="validateUserRegisterWithAlreadyRegisteredEmail" time="3.726"/>
  <testcase classname="com.naveenautomationlabs.automationFramework.tests.AccountHasBeenCreatedTest" name="validateUserRegisterWithValidDetails" time="3.762">
    <skipped/>
  </testcase> <!-- validateUserRegisterWithValidDetails -->
  <testcase classname="com.naveenautomationlabs.automationFramework.tests.AccountHasBeenCreatedTest" name="validateUserRegisterWithValidDetails" time="3.921">
    <failure type="java.lang.AssertionError" message="Unable to create account expected [Your Account Has Been Created!] but found [Register Account]">
      <![CDATA[java.lang.AssertionError: Unable to create account expected [Your Account Has Been Created!] but found [Register Account]
at com.naveenautomationlabs.automationFramework.tests.AccountHasBeenCreatedTest.validateUserRegisterWithValidDetails(AccountHasBeenCreatedTest.java:32)
at java.base/java.util.ArrayList.forEach(ArrayList.java:1511)
... Removed 32 stack frames]]>
    </failure>
  </testcase> <!-- validateUserRegisterWithValidDetails -->
  <testcase classname="com.naveenautomationlabs.automationFramework.tests.SearchIphoneTest" name="validateSearchBar" time="1.193"/>
</testsuite> <!-- Test -->
