<!DOCTYPE html PUBLIC "-//W3C//DTD XHTML 1.1//EN" "http://www.w3.org/TR/xhtml11/DTD/xhtml11.dtd">
<html xmlns="http://www.w3.org/1999/xhtml">
<head>
<meta http-equiv="content-type" content="text/html; charset=UTF-8"/>
<title>TestNG Report</title>
<style type="text/css">table {margin-bottom:10px;border-collapse:collapse;empty-cells:show}th,td {border:1px solid #009;padding:.25em .5em}th {vertical-align:bottom}td {vertical-align:top}table a {font-weight:bold}.stripe td {background-color: #E6EBF9}.num {text-align:right}.passedodd td {background-color: #3F3}.passedeven td {background-color: #0A0}.skippedodd td {background-color: #DDD}.skippedeven td {background-color: #CCC}.failedodd td,.attn {background-color: #F33}.failedeven td,.stripe .attn {background-color: #D00}.stacktrace {white-space:pre;font-family:monospace}.totop {font-size:85%;text-align:center;border-bottom:2px solid #000}.invisible {display:none}</style>
</head>
<body>
<table>
<tr><th>Test</th><th># Passed</th><th># Skipped</th><th># Failed</th><th>Time (ms)</th><th>Included Groups</th><th>Excluded Groups</th></tr>
<tr><th colspan="7">Surefire suite</th></tr>
<tr><td><a href="#t0">Surefire test</a></td><td class="num">9</td><td class="num">0</td><td class="num attn">6</td><td class="num">178,305</td><td></td><td></td></tr>
</table>
<table id='summary'><thead><tr><th>Class</th><th>Method</th><th>Start</th><th>Time (ms)</th></tr></thead><tbody><tr><th colspan="4">Surefire suite</th></tr></tbody><tbody id="t0"><tr><th colspan="4">Surefire test &#8212; failed</th></tr><tr class="failedeven"><td rowspan="1">com.naveenautomationlabs.automationFramework.tests.AccountHasBeenCreatedTest</td><td><a href="#m0">validateUserRegisterWithValidDetails</a></td><td rowspan="1">1688579949367</td><td rowspan="1">4509</td></tr><tr class="failedodd"><td rowspan="2">com.naveenautomationlabs.automationFramework.tests.MyAccountTest</td><td><a href="#m1">validateLoginUsingValidCredential</a></td><td rowspan="1">1688580015066</td><td rowspan="1">1695</td></tr><tr class="failedodd"><td><a href="#m2">validateSideNavigationBar</a></td><td rowspan="1">1688580024993</td><td rowspan="1">1906</td></tr><tr class="failedeven"><td rowspan="1">com.naveenautomationlabs.automationFramework.tests.MyWishListTest</td><td><a href="#m3">test</a></td><td rowspan="1">1688580102453</td><td rowspan="1">2660</td></tr><tr class="failedodd"><td rowspan="2">com.naveenautomationlabs.automationFramework.tests.YourStoreTest</td><td><a href="#m4">failedTestCaseExample</a></td><td rowspan="1">1688580046212</td><td rowspan="1">0</td></tr><tr class="failedodd"><td><a href="#m5">validateIsImageSelectedFromVisibleText</a></td><td rowspan="1">1688580077353</td><td rowspan="1">1</td></tr><tr><th colspan="4">Surefire test &#8212; passed</th></tr><tr class="passedeven"><td rowspan="4">com.naveenautomationlabs.automationFramework.tests.MyAccountTest</td><td><a href="#m6">loginTest</a></td><td rowspan="4">1688579976592</td><td rowspan="4">2629</td></tr><tr class="passedeven"><td><a href="#m7">loginTest</a></td></tr><tr class="passedeven"><td><a href="#m8">loginTest</a></td></tr><tr class="passedeven"><td><a href="#m9">loginTest</a></td></tr><tr class="passedodd"><td rowspan="1">com.naveenautomationlabs.automationFramework.tests.RegisterAccountTest</td><td><a href="#m10">validateUserRegisterWithAlreadyRegisteredEmail</a></td><td rowspan="1">1688580035340</td><td rowspan="1">3467</td></tr><tr class="passedeven"><td rowspan="1">com.naveenautomationlabs.automationFramework.tests.SearchIphoneTest</td><td><a href="#m11">validateSearchBar</a></td><td rowspan="1">1688580114056</td><td rowspan="1">1491</td></tr><tr class="passedodd"><td rowspan="3">com.naveenautomationlabs.automationFramework.tests.YourStoreTest</td><td><a href="#m12">validateIsDisplayImageMoving</a></td><td rowspan="1">1688580054033</td><td rowspan="1">10194</td></tr><tr class="passedodd"><td><a href="#m13">validateItemsAddedToTheWishlist</a></td><td rowspan="1">1688580085698</td><td rowspan="1">920</td></tr><tr class="passedodd"><td><a href="#m14">validateLogoIsDisplayed</a></td><td rowspan="1">1688580094408</td><td rowspan="1">80</td></tr></tbody>
</table>
<h2>Surefire test</h2><h3 id="m0">com.naveenautomationlabs.automationFramework.tests.AccountHasBeenCreatedTest#validateUserRegisterWithValidDetails</h3><table class="result"><tr><th>Exception</th></tr><tr><td><div class="stacktrace">java.lang.AssertionError: Unable to create account expected [Your Account Has Been Created!] but found [Register Account]
	at com.naveenautomationlabs.automationFramework.tests.AccountHasBeenCreatedTest.validateUserRegisterWithValidDetails(AccountHasBeenCreatedTest.java:32)
... Removed 35 stack frames</div></td></tr></table><p class="totop"><a href="#summary">back to summary</a></p>
<h3 id="m1">com.naveenautomationlabs.automationFramework.tests.MyAccountTest#validateLoginUsingValidCredential</h3><table class="result"><tr><th>Exception</th></tr><tr><td><div class="stacktrace">java.lang.AssertionError: You are on wrong page expected [My Account] but found [New Customer]
	at com.naveenautomationlabs.automationFramework.tests.MyAccountTest.validateLoginUsingValidCredential(MyAccountTest.java:33)
... Removed 35 stack frames</div></td></tr></table><p class="totop"><a href="#summary">back to summary</a></p>
<h3 id="m2">com.naveenautomationlabs.automationFramework.tests.MyAccountTest#validateSideNavigationBar</h3><table class="result"><tr><th>Exception</th></tr><tr><td><div class="stacktrace">java.lang.AssertionError: navigation option  is not clicked expected [true] but found [false]
	at com.naveenautomationlabs.automationFramework.tests.MyAccountTest.validateSideNavigationBar(MyAccountTest.java:42)
... Removed 33 stack frames</div></td></tr></table><p class="totop"><a href="#summary">back to summary</a></p>
<h3 id="m3">com.naveenautomationlabs.automationFramework.tests.MyWishListTest#test</h3><table class="result"><tr><th>Exception</th></tr><tr><td><div class="stacktrace">java.util.NoSuchElementException
	at com.naveenautomationlabs.automationFramework.pages.MyWishList.getCellElementFromTable(MyWishList.java:20)
	at com.naveenautomationlabs.automationFramework.tests.MyWishListTest.test(MyWishListTest.java:41)
... Removed 30 stack frames</div></td></tr></table><p class="totop"><a href="#summary">back to summary</a></p>
<h3 id="m4">com.naveenautomationlabs.automationFramework.tests.YourStoreTest#failedTestCaseExample</h3><table class="result"><tr><th>Exception</th></tr><tr><td><div class="stacktrace">java.lang.AssertionError: expected [Kaur] but found [Manpreet]
	at com.naveenautomationlabs.automationFramework.tests.YourStoreTest.failedTestCaseExample(YourStoreTest.java:33)
... Removed 36 stack frames</div></td></tr></table><p class="totop"><a href="#summary">back to summary</a></p>
<h3 id="m5">com.naveenautomationlabs.automationFramework.tests.YourStoreTest#validateIsImageSelectedFromVisibleText</h3><table class="result"><tr><th>Exception</th></tr><tr><td><div class="stacktrace">java.lang.IllegalArgumentException: Entered text is null.
	at com.naveenautomationlabs.automationFramework.pages.YourStore.selectItemFromText(YourStore.java:111)
	at com.naveenautomationlabs.automationFramework.tests.YourStoreTest.validateIsImageSelectedFromVisibleText(YourStoreTest.java:56)
... Removed 30 stack frames</div></td></tr></table><p class="totop"><a href="#summary">back to summary</a></p>
<h3 id="m6">com.naveenautomationlabs.automationFramework.tests.MyAccountTest#loginTest</h3><table class="result"><tr class="param"><th>Parameter #1</th><th>Parameter #2</th></tr><tr class="param stripe"><td>manpreetkaur1991@gmail.com</td><td>manpreetkaur</td></tr></table><p class="totop"><a href="#summary">back to summary</a></p>
<h3 id="m7">com.naveenautomationlabs.automationFramework.tests.MyAccountTest#loginTest</h3><table class="result"><tr class="param"><th>Parameter #1</th><th>Parameter #2</th></tr><tr class="param stripe"><td>ryan@gmail.com</td><td>changePass1</td></tr></table><p class="totop"><a href="#summary">back to summary</a></p>
<h3 id="m8">com.naveenautomationlabs.automationFramework.tests.MyAccountTest#loginTest</h3><table class="result"><tr class="param"><th>Parameter #1</th><th>Parameter #2</th></tr><tr class="param stripe"><td>tony@gamil.com</td><td>Password2</td></tr></table><p class="totop"><a href="#summary">back to summary</a></p>
<h3 id="m9">com.naveenautomationlabs.automationFramework.tests.MyAccountTest#loginTest</h3><table class="result"><tr class="param"><th>Parameter #1</th><th>Parameter #2</th></tr><tr class="param stripe"><td>jainrajat1234@gmail.com</td><td>RAJATjain</td></tr></table><p class="totop"><a href="#summary">back to summary</a></p>
<h3 id="m10">com.naveenautomationlabs.automationFramework.tests.RegisterAccountTest#validateUserRegisterWithAlreadyRegisteredEmail</h3><table class="result"><tr><th class="invisible"/></tr></table><p class="totop"><a href="#summary">back to summary</a></p>
<h3 id="m11">com.naveenautomationlabs.automationFramework.tests.SearchIphoneTest#validateSearchBar</h3><table class="result"><tr><th class="invisible"/></tr></table><p class="totop"><a href="#summary">back to summary</a></p>
<h3 id="m12">com.naveenautomationlabs.automationFramework.tests.YourStoreTest#validateIsDisplayImageMoving</h3><table class="result"><tr><th class="invisible"/></tr></table><p class="totop"><a href="#summary">back to summary</a></p>
<h3 id="m13">com.naveenautomationlabs.automationFramework.tests.YourStoreTest#validateItemsAddedToTheWishlist</h3><table class="result"><tr><th class="invisible"/></tr></table><p class="totop"><a href="#summary">back to summary</a></p>
<h3 id="m14">com.naveenautomationlabs.automationFramework.tests.YourStoreTest#validateLogoIsDisplayed</h3><table class="result"><tr><th class="invisible"/></tr></table><p class="totop"><a href="#summary">back to summary</a></p>
</body>
</html>
