<?xml version="1.0" encoding="UTF-8"?>
<testsuite xmlns:xsi="http://www.w3.org/2001/XMLSchema-instance" xsi:noNamespaceSchemaLocation="https://maven.apache.org/surefire/maven-surefire-plugin/xsd/surefire-test-report.xsd" name="TestSuite" time="187.486" tests="15" errors="0" skipped="0" failures="6">
  <properties>
    <property name="sun.desktop" value="windows"/>
    <property name="awt.toolkit" value="sun.awt.windows.WToolkit"/>
    <property name="java.specification.version" value="11"/>
    <property name="sun.cpu.isalist" value="amd64"/>
    <property name="sun.jnu.encoding" value="Cp1252"/>
    <property name="java.class.path" value="C:\Users\Gurwinder\eclipse-workspace\automationFramework\target\test-classes;C:\Users\Gurwinder\eclipse-workspace\automationFramework\target\classes;C:\Users\Gurwinder\.m2\repository\junit\junit\4.11\junit-4.11.jar;C:\Users\Gurwinder\.m2\repository\org\hamcrest\hamcrest-core\1.3\hamcrest-core-1.3.jar;C:\Users\Gurwinder\.m2\repository\org\testng\testng\6.14.3\testng-6.14.3.jar;C:\Users\Gurwinder\.m2\repository\com\beust\jcommander\1.72\jcommander-1.72.jar;C:\Users\Gurwinder\.m2\repository\org\apache-extras\beanshell\bsh\2.0b6\bsh-2.0b6.jar;C:\Users\Gurwinder\.m2\repository\org\seleniumhq\selenium\selenium-java\3.141.59\selenium-java-3.141.59.jar;C:\Users\Gurwinder\.m2\repository\org\seleniumhq\selenium\selenium-api\3.141.59\selenium-api-3.141.59.jar;C:\Users\Gurwinder\.m2\repository\org\seleniumhq\selenium\selenium-chrome-driver\3.141.59\selenium-chrome-driver-3.141.59.jar;C:\Users\Gurwinder\.m2\repository\org\seleniumhq\selenium\selenium-edge-driver\3.141.59\selenium-edge-driver-3.141.59.jar;C:\Users\Gurwinder\.m2\repository\org\seleniumhq\selenium\selenium-firefox-driver\3.141.59\selenium-firefox-driver-3.141.59.jar;C:\Users\Gurwinder\.m2\repository\org\seleniumhq\selenium\selenium-ie-driver\3.141.59\selenium-ie-driver-3.141.59.jar;C:\Users\Gurwinder\.m2\repository\org\seleniumhq\selenium\selenium-opera-driver\3.141.59\selenium-opera-driver-3.141.59.jar;C:\Users\Gurwinder\.m2\repository\org\seleniumhq\selenium\selenium-remote-driver\3.141.59\selenium-remote-driver-3.141.59.jar;C:\Users\Gurwinder\.m2\repository\org\seleniumhq\selenium\selenium-safari-driver\3.141.59\selenium-safari-driver-3.141.59.jar;C:\Users\Gurwinder\.m2\repository\org\seleniumhq\selenium\selenium-support\3.141.59\selenium-support-3.141.59.jar;C:\Users\Gurwinder\.m2\repository\net\bytebuddy\byte-buddy\1.8.15\byte-buddy-1.8.15.jar;C:\Users\Gurwinder\.m2\repository\org\apache\commons\commons-exec\1.3\commons-exec-1.3.jar;C:\Users\Gurwinder\.m2\repository\com\google\guava\guava\25.0-jre\guava-25.0-jre.jar;C:\Users\Gurwinder\.m2\repository\com\google\code\findbugs\jsr305\1.3.9\jsr305-1.3.9.jar;C:\Users\Gurwinder\.m2\repository\org\checkerframework\checker-compat-qual\2.0.0\checker-compat-qual-2.0.0.jar;C:\Users\Gurwinder\.m2\repository\com\google\errorprone\error_prone_annotations\2.1.3\error_prone_annotations-2.1.3.jar;C:\Users\Gurwinder\.m2\repository\com\google\j2objc\j2objc-annotations\1.1\j2objc-annotations-1.1.jar;C:\Users\Gurwinder\.m2\repository\org\codehaus\mojo\animal-sniffer-annotations\1.14\animal-sniffer-annotations-1.14.jar;C:\Users\Gurwinder\.m2\repository\com\squareup\okhttp3\okhttp\3.11.0\okhttp-3.11.0.jar;C:\Users\Gurwinder\.m2\repository\com\squareup\okio\okio\1.14.0\okio-1.14.0.jar;C:\Users\Gurwinder\.m2\repository\io\github\bonigarcia\webdrivermanager\5.1.0\webdrivermanager-5.1.0.jar;C:\Users\Gurwinder\.m2\repository\org\slf4j\slf4j-api\1.7.36\slf4j-api-1.7.36.jar;C:\Users\Gurwinder\.m2\repository\com\google\code\gson\gson\2.9.0\gson-2.9.0.jar;C:\Users\Gurwinder\.m2\repository\com\github\docker-java\docker-java\3.2.13\docker-java-3.2.13.jar;C:\Users\Gurwinder\.m2\repository\com\github\docker-java\docker-java-core\3.2.13\docker-java-core-3.2.13.jar;C:\Users\Gurwinder\.m2\repository\com\github\docker-java\docker-java-api\3.2.13\docker-java-api-3.2.13.jar;C:\Users\Gurwinder\.m2\repository\com\fasterxml\jackson\core\jackson-annotations\2.10.3\jackson-annotations-2.10.3.jar;C:\Users\Gurwinder\.m2\repository\commons-io\commons-io\2.6\commons-io-2.6.jar;C:\Users\Gurwinder\.m2\repository\org\apache\commons\commons-compress\1.21\commons-compress-1.21.jar;C:\Users\Gurwinder\.m2\repository\com\fasterxml\jackson\core\jackson-databind\2.10.3\jackson-databind-2.10.3.jar;C:\Users\Gurwinder\.m2\repository\com\fasterxml\jackson\core\jackson-core\2.10.3\jackson-core-2.10.3.jar;C:\Users\Gurwinder\.m2\repository\org\bouncycastle\bcpkix-jdk15on\1.64\bcpkix-jdk15on-1.64.jar;C:\Users\Gurwinder\.m2\repository\org\bouncycastle\bcprov-jdk15on\1.64\bcprov-jdk15on-1.64.jar;C:\Users\Gurwinder\.m2\repository\org\slf4j\jcl-over-slf4j\1.7.30\jcl-over-slf4j-1.7.30.jar;C:\Users\Gurwinder\.m2\repository\com\github\docker-java\docker-java-transport-httpclient5\3.2.13\docker-java-transport-httpclient5-3.2.13.jar;C:\Users\Gurwinder\.m2\repository\com\github\docker-java\docker-java-transport\3.2.13\docker-java-transport-3.2.13.jar;C:\Users\Gurwinder\.m2\repository\org\apache\httpcomponents\client5\httpclient5\5.0.3\httpclient5-5.0.3.jar;C:\Users\Gurwinder\.m2\repository\org\apache\httpcomponents\core5\httpcore5\5.0.2\httpcore5-5.0.2.jar;C:\Users\Gurwinder\.m2\repository\net\java\dev\jna\jna\5.8.0\jna-5.8.0.jar;C:\Users\Gurwinder\.m2\repository\org\brotli\dec\0.1.2\dec-0.1.2.jar;C:\Users\Gurwinder\.m2\repository\org\apache\commons\commons-lang3\3.12.0\commons-lang3-3.12.0.jar;C:\Users\Gurwinder\.m2\repository\log4j\log4j\1.2.17\log4j-1.2.17.jar;C:\Users\Gurwinder\.m2\repository\com\aventstack\extentreports\3.1.2\extentreports-3.1.2.jar;C:\Users\Gurwinder\.m2\repository\org\freemarker\freemarker\2.3.23\freemarker-2.3.23.jar;C:\Users\Gurwinder\.m2\repository\org\mongodb\mongodb-driver\3.3.0\mongodb-driver-3.3.0.jar;C:\Users\Gurwinder\.m2\repository\org\mongodb\bson\3.3.0\bson-3.3.0.jar;C:\Users\Gurwinder\.m2\repository\org\mongodb\mongodb-driver-core\3.3.0\mongodb-driver-core-3.3.0.jar;C:\Users\Gurwinder\.m2\repository\org\apache\httpcomponents\httpclient\4.5.2\httpclient-4.5.2.jar;C:\Users\Gurwinder\.m2\repository\org\apache\httpcomponents\httpcore\4.4.4\httpcore-4.4.4.jar;C:\Users\Gurwinder\.m2\repository\commons-logging\commons-logging\1.2\commons-logging-1.2.jar;C:\Users\Gurwinder\.m2\repository\org\apache\httpcomponents\httpmime\4.5.2\httpmime-4.5.2.jar;C:\Users\Gurwinder\.m2\repository\org\jsoup\jsoup\1.9.2\jsoup-1.9.2.jar;C:\Users\Gurwinder\.m2\repository\org\apache\poi\poi\3.17\poi-3.17.jar;C:\Users\Gurwinder\.m2\repository\commons-codec\commons-codec\1.10\commons-codec-1.10.jar;C:\Users\Gurwinder\.m2\repository\org\apache\commons\commons-collections4\4.1\commons-collections4-4.1.jar;C:\Users\Gurwinder\.m2\repository\org\apache\poi\poi-ooxml\3.17\poi-ooxml-3.17.jar;C:\Users\Gurwinder\.m2\repository\org\apache\poi\poi-ooxml-schemas\3.17\poi-ooxml-schemas-3.17.jar;C:\Users\Gurwinder\.m2\repository\org\apache\xmlbeans\xmlbeans\2.6.0\xmlbeans-2.6.0.jar;C:\Users\Gurwinder\.m2\repository\stax\stax-api\1.0.1\stax-api-1.0.1.jar;C:\Users\Gurwinder\.m2\repository\com\github\virtuald\curvesapi\1.04\curvesapi-1.04.jar;"/>
    <property name="java.vm.vendor" value="Oracle Corporation"/>
    <property name="sun.arch.data.model" value="64"/>
    <property name="user.variant" value=""/>
    <property name="java.vendor.url" value="https://openjdk.java.net/"/>
    <property name="user.timezone" value="America/New_York"/>
    <property name="java.vm.specification.version" value="11"/>
    <property name="os.name" value="Windows 10"/>
    <property name="sun.java.launcher" value="SUN_STANDARD"/>
    <property name="user.country" value="CA"/>
    <property name="sun.boot.library.path" value="C:\Program Files\Java\jdk-11.0.16\bin"/>
    <property name="sun.java.command" value="C:\Users\GURWIN~1\AppData\Local\Temp\surefire14973263100109744684\surefirebooter13264956251031603588.jar C:\Users\Gurwinder\AppData\Local\Temp\surefire14973263100109744684 2023-07-08T21-26-57_328-jvmRun1 surefire1160653908878190857tmp surefire_02239926499871556549tmp"/>
    <property name="jdk.debug" value="release"/>
    <property name="surefire.test.class.path" value="C:\Users\Gurwinder\eclipse-workspace\automationFramework\target\test-classes;C:\Users\Gurwinder\eclipse-workspace\automationFramework\target\classes;C:\Users\Gurwinder\.m2\repository\junit\junit\4.11\junit-4.11.jar;C:\Users\Gurwinder\.m2\repository\org\hamcrest\hamcrest-core\1.3\hamcrest-core-1.3.jar;C:\Users\Gurwinder\.m2\repository\org\testng\testng\6.14.3\testng-6.14.3.jar;C:\Users\Gurwinder\.m2\repository\com\beust\jcommander\1.72\jcommander-1.72.jar;C:\Users\Gurwinder\.m2\repository\org\apache-extras\beanshell\bsh\2.0b6\bsh-2.0b6.jar;C:\Users\Gurwinder\.m2\repository\org\seleniumhq\selenium\selenium-java\3.141.59\selenium-java-3.141.59.jar;C:\Users\Gurwinder\.m2\repository\org\seleniumhq\selenium\selenium-api\3.141.59\selenium-api-3.141.59.jar;C:\Users\Gurwinder\.m2\repository\org\seleniumhq\selenium\selenium-chrome-driver\3.141.59\selenium-chrome-driver-3.141.59.jar;C:\Users\Gurwinder\.m2\repository\org\seleniumhq\selenium\selenium-edge-driver\3.141.59\selenium-edge-driver-3.141.59.jar;C:\Users\Gurwinder\.m2\repository\org\seleniumhq\selenium\selenium-firefox-driver\3.141.59\selenium-firefox-driver-3.141.59.jar;C:\Users\Gurwinder\.m2\repository\org\seleniumhq\selenium\selenium-ie-driver\3.141.59\selenium-ie-driver-3.141.59.jar;C:\Users\Gurwinder\.m2\repository\org\seleniumhq\selenium\selenium-opera-driver\3.141.59\selenium-opera-driver-3.141.59.jar;C:\Users\Gurwinder\.m2\repository\org\seleniumhq\selenium\selenium-remote-driver\3.141.59\selenium-remote-driver-3.141.59.jar;C:\Users\Gurwinder\.m2\repository\org\seleniumhq\selenium\selenium-safari-driver\3.141.59\selenium-safari-driver-3.141.59.jar;C:\Users\Gurwinder\.m2\repository\org\seleniumhq\selenium\selenium-support\3.141.59\selenium-support-3.141.59.jar;C:\Users\Gurwinder\.m2\repository\net\bytebuddy\byte-buddy\1.8.15\byte-buddy-1.8.15.jar;C:\Users\Gurwinder\.m2\repository\org\apache\commons\commons-exec\1.3\commons-exec-1.3.jar;C:\Users\Gurwinder\.m2\repository\com\google\guava\guava\25.0-jre\guava-25.0-jre.jar;C:\Users\Gurwinder\.m2\repository\com\google\code\findbugs\jsr305\1.3.9\jsr305-1.3.9.jar;C:\Users\Gurwinder\.m2\repository\org\checkerframework\checker-compat-qual\2.0.0\checker-compat-qual-2.0.0.jar;C:\Users\Gurwinder\.m2\repository\com\google\errorprone\error_prone_annotations\2.1.3\error_prone_annotations-2.1.3.jar;C:\Users\Gurwinder\.m2\repository\com\google\j2objc\j2objc-annotations\1.1\j2objc-annotations-1.1.jar;C:\Users\Gurwinder\.m2\repository\org\codehaus\mojo\animal-sniffer-annotations\1.14\animal-sniffer-annotations-1.14.jar;C:\Users\Gurwinder\.m2\repository\com\squareup\okhttp3\okhttp\3.11.0\okhttp-3.11.0.jar;C:\Users\Gurwinder\.m2\repository\com\squareup\okio\okio\1.14.0\okio-1.14.0.jar;C:\Users\Gurwinder\.m2\repository\io\github\bonigarcia\webdrivermanager\5.1.0\webdrivermanager-5.1.0.jar;C:\Users\Gurwinder\.m2\repository\org\slf4j\slf4j-api\1.7.36\slf4j-api-1.7.36.jar;C:\Users\Gurwinder\.m2\repository\com\google\code\gson\gson\2.9.0\gson-2.9.0.jar;C:\Users\Gurwinder\.m2\repository\com\github\docker-java\docker-java\3.2.13\docker-java-3.2.13.jar;C:\Users\Gurwinder\.m2\repository\com\github\docker-java\docker-java-core\3.2.13\docker-java-core-3.2.13.jar;C:\Users\Gurwinder\.m2\repository\com\github\docker-java\docker-java-api\3.2.13\docker-java-api-3.2.13.jar;C:\Users\Gurwinder\.m2\repository\com\fasterxml\jackson\core\jackson-annotations\2.10.3\jackson-annotations-2.10.3.jar;C:\Users\Gurwinder\.m2\repository\commons-io\commons-io\2.6\commons-io-2.6.jar;C:\Users\Gurwinder\.m2\repository\org\apache\commons\commons-compress\1.21\commons-compress-1.21.jar;C:\Users\Gurwinder\.m2\repository\com\fasterxml\jackson\core\jackson-databind\2.10.3\jackson-databind-2.10.3.jar;C:\Users\Gurwinder\.m2\repository\com\fasterxml\jackson\core\jackson-core\2.10.3\jackson-core-2.10.3.jar;C:\Users\Gurwinder\.m2\repository\org\bouncycastle\bcpkix-jdk15on\1.64\bcpkix-jdk15on-1.64.jar;C:\Users\Gurwinder\.m2\repository\org\bouncycastle\bcprov-jdk15on\1.64\bcprov-jdk15on-1.64.jar;C:\Users\Gurwinder\.m2\repository\org\slf4j\jcl-over-slf4j\1.7.30\jcl-over-slf4j-1.7.30.jar;C:\Users\Gurwinder\.m2\repository\com\github\docker-java\docker-java-transport-httpclient5\3.2.13\docker-java-transport-httpclient5-3.2.13.jar;C:\Users\Gurwinder\.m2\repository\com\github\docker-java\docker-java-transport\3.2.13\docker-java-transport-3.2.13.jar;C:\Users\Gurwinder\.m2\repository\org\apache\httpcomponents\client5\httpclient5\5.0.3\httpclient5-5.0.3.jar;C:\Users\Gurwinder\.m2\repository\org\apache\httpcomponents\core5\httpcore5\5.0.2\httpcore5-5.0.2.jar;C:\Users\Gurwinder\.m2\repository\net\java\dev\jna\jna\5.8.0\jna-5.8.0.jar;C:\Users\Gurwinder\.m2\repository\org\brotli\dec\0.1.2\dec-0.1.2.jar;C:\Users\Gurwinder\.m2\repository\org\apache\commons\commons-lang3\3.12.0\commons-lang3-3.12.0.jar;C:\Users\Gurwinder\.m2\repository\log4j\log4j\1.2.17\log4j-1.2.17.jar;C:\Users\Gurwinder\.m2\repository\com\aventstack\extentreports\3.1.2\extentreports-3.1.2.jar;C:\Users\Gurwinder\.m2\repository\org\freemarker\freemarker\2.3.23\freemarker-2.3.23.jar;C:\Users\Gurwinder\.m2\repository\org\mongodb\mongodb-driver\3.3.0\mongodb-driver-3.3.0.jar;C:\Users\Gurwinder\.m2\repository\org\mongodb\bson\3.3.0\bson-3.3.0.jar;C:\Users\Gurwinder\.m2\repository\org\mongodb\mongodb-driver-core\3.3.0\mongodb-driver-core-3.3.0.jar;C:\Users\Gurwinder\.m2\repository\org\apache\httpcomponents\httpclient\4.5.2\httpclient-4.5.2.jar;C:\Users\Gurwinder\.m2\repository\org\apache\httpcomponents\httpcore\4.4.4\httpcore-4.4.4.jar;C:\Users\Gurwinder\.m2\repository\commons-logging\commons-logging\1.2\commons-logging-1.2.jar;C:\Users\Gurwinder\.m2\repository\org\apache\httpcomponents\httpmime\4.5.2\httpmime-4.5.2.jar;C:\Users\Gurwinder\.m2\repository\org\jsoup\jsoup\1.9.2\jsoup-1.9.2.jar;C:\Users\Gurwinder\.m2\repository\org\apache\poi\poi\3.17\poi-3.17.jar;C:\Users\Gurwinder\.m2\repository\commons-codec\commons-codec\1.10\commons-codec-1.10.jar;C:\Users\Gurwinder\.m2\repository\org\apache\commons\commons-collections4\4.1\commons-collections4-4.1.jar;C:\Users\Gurwinder\.m2\repository\org\apache\poi\poi-ooxml\3.17\poi-ooxml-3.17.jar;C:\Users\Gurwinder\.m2\repository\org\apache\poi\poi-ooxml-schemas\3.17\poi-ooxml-schemas-3.17.jar;C:\Users\Gurwinder\.m2\repository\org\apache\xmlbeans\xmlbeans\2.6.0\xmlbeans-2.6.0.jar;C:\Users\Gurwinder\.m2\repository\stax\stax-api\1.0.1\stax-api-1.0.1.jar;C:\Users\Gurwinder\.m2\repository\com\github\virtuald\curvesapi\1.04\curvesapi-1.04.jar;"/>
    <property name="sun.cpu.endian" value="little"/>
    <property name="user.home" value="C:\Users\Gurwinder"/>
    <property name="user.language" value="en"/>
    <property name="java.specification.vendor" value="Oracle Corporation"/>
    <property name="java.version.date" value="2022-07-19"/>
    <property name="java.home" value="C:\Program Files\Java\jdk-11.0.16"/>
    <property name="file.separator" value="\"/>
    <property name="basedir" value="C:\Users\Gurwinder\eclipse-workspace\automationFramework"/>
    <property name="java.vm.compressedOopsMode" value="32-bit"/>
    <property name="line.separator" value="&#10;"/>
    <property name="java.specification.name" value="Java Platform API Specification"/>
    <property name="java.vm.specification.vendor" value="Oracle Corporation"/>
    <property name="java.awt.graphicsenv" value="sun.awt.Win32GraphicsEnvironment"/>
    <property name="surefire.real.class.path" value="C:\Users\GURWIN~1\AppData\Local\Temp\surefire14973263100109744684\surefirebooter13264956251031603588.jar"/>
    <property name="user.script" value=""/>
    <property name="sun.management.compiler" value="HotSpot 64-Bit Tiered Compilers"/>
    <property name="java.runtime.version" value="11.0.16+11-LTS-199"/>
    <property name="user.name" value="Gurwinder"/>
    <property name="path.separator" value=";"/>
    <property name="os.version" value="10.0"/>
    <property name="java.runtime.name" value="Java(TM) SE Runtime Environment"/>
    <property name="file.encoding" value="Cp1252"/>
    <property name="java.vm.name" value="Java HotSpot(TM) 64-Bit Server VM"/>
    <property name="java.vendor.version" value="18.9"/>
    <property name="localRepository" value="C:\Users\Gurwinder\.m2\repository"/>
    <property name="java.vendor.url.bug" value="https://bugreport.java.com/bugreport/"/>
    <property name="java.io.tmpdir" value="C:\Users\GURWIN~1\AppData\Local\Temp\"/>
    <property name="java.version" value="11.0.16"/>
    <property name="user.dir" value="C:\Users\Gurwinder\eclipse-workspace\automationFramework"/>
    <property name="os.arch" value="amd64"/>
    <property name="java.vm.specification.name" value="Java Virtual Machine Specification"/>
    <property name="java.awt.printerjob" value="sun.awt.windows.WPrinterJob"/>
    <property name="sun.os.patch.level" value=""/>
    <property name="java.library.path" value="C:\Program Files\Java\jdk-11.0.16\bin;C:\WINDOWS\Sun\Java\bin;C:\WINDOWS\system32;C:\WINDOWS;C:\Program Files\Common Files\Oracle\Java\javapath;C:\Program Files (x86)\Intel\iCLS Client\;C:\Program Files\Intel\iCLS Client\;C:\Program Files (x86)\NVIDIA Corporation\PhysX\Common;C:\WINDOWS\system32;C:\WINDOWS;C:\WINDOWS\System32\Wbem;C:\WINDOWS\System32\WindowsPowerShell\v1.0\;C:\Program Files\Hewlett-Packard\SimplePass\;C:\Program Files\Intel\Intel(R) Management Engine Components\DAL;C:\Program Files (x86)\Intel\Intel(R) Management Engine Components\DAL;C:\Program Files\Intel\Intel(R) Management Engine Components\IPT;C:\Program Files (x86)\Intel\Intel(R) Management Engine Components\IPT;C:\WINDOWS\System32\OpenSSH\;C:\Program Files\Git\cmd;C:\Program Files\Java\jdk-11.0.16\bin;C:\Maven\apache-maven-3.8.6\bin;C:\Users\Gurwinder\AppData\Local\Microsoft\WindowsApps;."/>
    <property name="java.vendor" value="Oracle Corporation"/>
    <property name="java.vm.info" value="mixed mode"/>
    <property name="java.vm.version" value="11.0.16+11-LTS-199"/>
    <property name="sun.io.unicode.encoding" value="UnicodeLittle"/>
    <property name="java.class.version" value="55.0"/>
  </properties>
  <testcase name="validateUserRegisterWithValidDetails" classname="com.naveenautomationlabs.automationFramework.tests.AccountHasBeenCreatedTest" time="6.117">
    <failure message="Unable to create account expected [Your Account Has Been Created!] but found [Register Account]" type="java.lang.AssertionError">java.lang.AssertionError: Unable to create account expected [Your Account Has Been Created!] but found [Register Account]
	at com.naveenautomationlabs.automationFramework.tests.AccountHasBeenCreatedTest.validateUserRegisterWithValidDetails(AccountHasBeenCreatedTest.java:32)
</failure>
    <system-out><![CDATA[2023-07-08 21:27:15 INFO  TestBase:39 - Navigating to URL: https://naveenautomationlabs.com/opencart/index.php?route=common/home
0 [main] INFO com.naveenautomationlabs.automationFramework.base.TestBase  - Navigating to URL: https://naveenautomationlabs.com/opencart/index.php?route=common/home
2023-07-08 21:27:21 INFO  TestBase:45 - Navigated to URL: https://naveenautomationlabs.com/opencart/index.php?route=common/home
5673 [main] INFO com.naveenautomationlabs.automationFramework.base.TestBase  - Navigated to URL: https://naveenautomationlabs.com/opencart/index.php?route=common/home
2023-07-08 21:27:21 INFO  TestBase:87 - Finding Element: By.cssSelector: ul.list-inline>li:nth-of-type(2) a
6202 [main] INFO com.naveenautomationlabs.automationFramework.base.TestBase  - Finding Element: By.cssSelector: ul.list-inline>li:nth-of-type(2) a
2023-07-08 21:27:22 INFO  TestBase:93 - Found Element: By.cssSelector: ul.list-inline>li:nth-of-type(2) a
6429 [main] INFO com.naveenautomationlabs.automationFramework.base.TestBase  - Found Element: By.cssSelector: ul.list-inline>li:nth-of-type(2) a
2023-07-08 21:27:22 INFO  TestBase:105 - Clicked ON: [[ChromeDriver: chrome on WINDOWS (f30c09dfe717d5ca60d80eee4c4e2628)] -> css selector: ul.list-inline>li:nth-of-type(2) a]
6822 [main] INFO com.naveenautomationlabs.automationFramework.base.TestBase  - Clicked ON: [[ChromeDriver: chrome on WINDOWS (f30c09dfe717d5ca60d80eee4c4e2628)] -> css selector: ul.list-inline>li:nth-of-type(2) a]
2023-07-08 21:27:22 INFO  TestBase:87 - Finding Element: By.cssSelector: ul.list-inline li:nth-of-type(2) ul>li 
6835 [main] INFO com.naveenautomationlabs.automationFramework.base.TestBase  - Finding Element: By.cssSelector: ul.list-inline li:nth-of-type(2) ul>li 
2023-07-08 21:27:22 INFO  TestBase:93 - Found Element: By.cssSelector: ul.list-inline li:nth-of-type(2) ul>li 
6902 [main] INFO com.naveenautomationlabs.automationFramework.base.TestBase  - Found Element: By.cssSelector: ul.list-inline li:nth-of-type(2) ul>li 
2023-07-08 21:27:24 INFO  TestBase:105 - Clicked ON: [[ChromeDriver: chrome on WINDOWS (f30c09dfe717d5ca60d80eee4c4e2628)] -> css selector: ul.list-inline li:nth-of-type(2) ul>li ]
8479 [main] INFO com.naveenautomationlabs.automationFramework.base.TestBase  - Clicked ON: [[ChromeDriver: chrome on WINDOWS (f30c09dfe717d5ca60d80eee4c4e2628)] -> css selector: ul.list-inline li:nth-of-type(2) ul>li ]
2023-07-08 21:27:24 INFO  TestBase:87 - Finding Element: By.cssSelector: #input-firstname
8497 [main] INFO com.naveenautomationlabs.automationFramework.base.TestBase  - Finding Element: By.cssSelector: #input-firstname
2023-07-08 21:27:24 INFO  TestBase:93 - Found Element: By.cssSelector: #input-firstname
8544 [main] INFO com.naveenautomationlabs.automationFramework.base.TestBase  - Found Element: By.cssSelector: #input-firstname
2023-07-08 21:27:25 INFO  TestBase:87 - Finding Element: By.cssSelector: #input-lastname
9556 [main] INFO com.naveenautomationlabs.automationFramework.base.TestBase  - Finding Element: By.cssSelector: #input-lastname
2023-07-08 21:27:25 INFO  TestBase:93 - Found Element: By.cssSelector: #input-lastname
9595 [main] INFO com.naveenautomationlabs.automationFramework.base.TestBase  - Found Element: By.cssSelector: #input-lastname
2023-07-08 21:27:25 INFO  TestBase:87 - Finding Element: By.cssSelector: #input-email
9877 [main] INFO com.naveenautomationlabs.automationFramework.base.TestBase  - Finding Element: By.cssSelector: #input-email
2023-07-08 21:27:25 INFO  TestBase:93 - Found Element: By.cssSelector: #input-email
9920 [main] INFO com.naveenautomationlabs.automationFramework.base.TestBase  - Found Element: By.cssSelector: #input-email
2023-07-08 21:27:25 INFO  TestBase:87 - Finding Element: By.cssSelector: #input-telephone
10092 [main] INFO com.naveenautomationlabs.automationFramework.base.TestBase  - Finding Element: By.cssSelector: #input-telephone
2023-07-08 21:27:25 INFO  TestBase:93 - Found Element: By.cssSelector: #input-telephone
10142 [main] INFO com.naveenautomationlabs.automationFramework.base.TestBase  - Found Element: By.cssSelector: #input-telephone
2023-07-08 21:27:25 INFO  TestBase:87 - Finding Element: By.cssSelector: #input-password
10337 [main] INFO com.naveenautomationlabs.automationFramework.base.TestBase  - Finding Element: By.cssSelector: #input-password
2023-07-08 21:27:26 INFO  TestBase:93 - Found Element: By.cssSelector: #input-password
10424 [main] INFO com.naveenautomationlabs.automationFramework.base.TestBase  - Found Element: By.cssSelector: #input-password
2023-07-08 21:27:26 INFO  TestBase:87 - Finding Element: By.cssSelector: #input-confirm
10548 [main] INFO com.naveenautomationlabs.automationFramework.base.TestBase  - Finding Element: By.cssSelector: #input-confirm
2023-07-08 21:27:26 INFO  TestBase:93 - Found Element: By.cssSelector: #input-confirm
10572 [main] INFO com.naveenautomationlabs.automationFramework.base.TestBase  - Found Element: By.cssSelector: #input-confirm
2023-07-08 21:27:26 INFO  TestBase:87 - Finding Element: By.xpath: (//input[@name='newsletter']) [1]
10705 [main] INFO com.naveenautomationlabs.automationFramework.base.TestBase  - Finding Element: By.xpath: (//input[@name='newsletter']) [1]
2023-07-08 21:27:26 INFO  TestBase:93 - Found Element: By.xpath: (//input[@name='newsletter']) [1]
10750 [main] INFO com.naveenautomationlabs.automationFramework.base.TestBase  - Found Element: By.xpath: (//input[@name='newsletter']) [1]
2023-07-08 21:27:26 INFO  TestBase:87 - Finding Element: By.cssSelector: input[type='checkbox']
10810 [main] INFO com.naveenautomationlabs.automationFramework.base.TestBase  - Finding Element: By.cssSelector: input[type='checkbox']
2023-07-08 21:27:26 INFO  TestBase:93 - Found Element: By.cssSelector: input[type='checkbox']
10854 [main] INFO com.naveenautomationlabs.automationFramework.base.TestBase  - Found Element: By.cssSelector: input[type='checkbox']
2023-07-08 21:27:26 INFO  TestBase:105 - Clicked ON: [[ChromeDriver: chrome on WINDOWS (f30c09dfe717d5ca60d80eee4c4e2628)] -> css selector: input[type='checkbox']]
10969 [main] INFO com.naveenautomationlabs.automationFramework.base.TestBase  - Clicked ON: [[ChromeDriver: chrome on WINDOWS (f30c09dfe717d5ca60d80eee4c4e2628)] -> css selector: input[type='checkbox']]
2023-07-08 21:27:26 INFO  TestBase:87 - Finding Element: By.cssSelector: input[type='submit']
10970 [main] INFO com.naveenautomationlabs.automationFramework.base.TestBase  - Finding Element: By.cssSelector: input[type='submit']
2023-07-08 21:27:26 INFO  TestBase:93 - Found Element: By.cssSelector: input[type='submit']
11022 [main] INFO com.naveenautomationlabs.automationFramework.base.TestBase  - Found Element: By.cssSelector: input[type='submit']
2023-07-08 21:27:27 INFO  TestBase:87 - Finding Element: By.cssSelector: #content h1
12118 [main] INFO com.naveenautomationlabs.automationFramework.base.TestBase  - Finding Element: By.cssSelector: #content h1
2023-07-08 21:27:27 INFO  TestBase:93 - Found Element: By.cssSelector: #content h1
12173 [main] INFO com.naveenautomationlabs.automationFramework.base.TestBase  - Found Element: By.cssSelector: #content h1
]]></system-out>
    <system-err><![CDATA[SLF4J: Failed to load class "org.slf4j.impl.StaticLoggerBinder".
SLF4J: Defaulting to no-operation (NOP) logger implementation
SLF4J: See http://www.slf4j.org/codes.html#StaticLoggerBinder for further details.
Starting ChromeDriver 114.0.5735.90 (386bc09e8f4f2e025eddae123f36f6263096ae49-refs/branch-heads/5735@{#1052}) on port 5155
Only local connections are allowed.
Please see https://chromedriver.chromium.org/security-considerations for suggestions on keeping ChromeDriver safe.
ChromeDriver was started successfully.
Jul. 08, 2023 9:27:15 P.M. org.openqa.selenium.remote.ProtocolHandshake createSession
INFO: Detected dialect: W3C
]]></system-err>
  </testcase>
  <testcase name="loginTest" classname="com.naveenautomationlabs.automationFramework.tests.MyAccountTest" time="2.317"/>
  <testcase name="loginTest" classname="com.naveenautomationlabs.automationFramework.tests.MyAccountTest" time="2.611"/>
  <testcase name="loginTest" classname="com.naveenautomationlabs.automationFramework.tests.MyAccountTest" time="2.423"/>
  <testcase name="loginTest" classname="com.naveenautomationlabs.automationFramework.tests.MyAccountTest" time="2.565"/>
  <testcase name="validateLoginUsingValidCredential" classname="com.naveenautomationlabs.automationFramework.tests.MyAccountTest" time="1.91">
    <failure message="You are on wrong page expected [My Account] but found [New Customer]" type="java.lang.AssertionError">java.lang.AssertionError: You are on wrong page expected [My Account] but found [New Customer]
	at com.naveenautomationlabs.automationFramework.tests.MyAccountTest.validateLoginUsingValidCredential(MyAccountTest.java:33)
</failure>
    <system-out><![CDATA[2023-07-08 21:28:19 INFO  TestBase:39 - Navigating to URL: https://naveenautomationlabs.com/opencart/index.php?route=common/home
63907 [main] INFO com.naveenautomationlabs.automationFramework.base.TestBase  - Navigating to URL: https://naveenautomationlabs.com/opencart/index.php?route=common/home
2023-07-08 21:28:27 INFO  TestBase:45 - Navigated to URL: https://naveenautomationlabs.com/opencart/index.php?route=common/home
71484 [main] INFO com.naveenautomationlabs.automationFramework.base.TestBase  - Navigated to URL: https://naveenautomationlabs.com/opencart/index.php?route=common/home
2023-07-08 21:28:27 INFO  TestBase:87 - Finding Element: By.cssSelector: ul.list-inline>li:nth-of-type(2) a
71933 [main] INFO com.naveenautomationlabs.automationFramework.base.TestBase  - Finding Element: By.cssSelector: ul.list-inline>li:nth-of-type(2) a
2023-07-08 21:28:27 INFO  TestBase:93 - Found Element: By.cssSelector: ul.list-inline>li:nth-of-type(2) a
71999 [main] INFO com.naveenautomationlabs.automationFramework.base.TestBase  - Found Element: By.cssSelector: ul.list-inline>li:nth-of-type(2) a
2023-07-08 21:28:27 INFO  TestBase:105 - Clicked ON: [[ChromeDriver: chrome on WINDOWS (488b844be9b41bb175c6af3422c7b6d4)] -> css selector: ul.list-inline>li:nth-of-type(2) a]
72236 [main] INFO com.naveenautomationlabs.automationFramework.base.TestBase  - Clicked ON: [[ChromeDriver: chrome on WINDOWS (488b844be9b41bb175c6af3422c7b6d4)] -> css selector: ul.list-inline>li:nth-of-type(2) a]
2023-07-08 21:28:27 INFO  TestBase:87 - Finding Element: By.cssSelector: ul.dropdown-menu  li:nth-of-type(2) a
72238 [main] INFO com.naveenautomationlabs.automationFramework.base.TestBase  - Finding Element: By.cssSelector: ul.dropdown-menu  li:nth-of-type(2) a
2023-07-08 21:28:27 INFO  TestBase:93 - Found Element: By.cssSelector: ul.dropdown-menu  li:nth-of-type(2) a
72272 [main] INFO com.naveenautomationlabs.automationFramework.base.TestBase  - Found Element: By.cssSelector: ul.dropdown-menu  li:nth-of-type(2) a
2023-07-08 21:28:28 INFO  TestBase:105 - Clicked ON: [[ChromeDriver: chrome on WINDOWS (488b844be9b41bb175c6af3422c7b6d4)] -> css selector: ul.dropdown-menu  li:nth-of-type(2) a]
72910 [main] INFO com.naveenautomationlabs.automationFramework.base.TestBase  - Clicked ON: [[ChromeDriver: chrome on WINDOWS (488b844be9b41bb175c6af3422c7b6d4)] -> css selector: ul.dropdown-menu  li:nth-of-type(2) a]
2023-07-08 21:28:28 INFO  TestBase:87 - Finding Element: By.cssSelector: input[value='Login']
72915 [main] INFO com.naveenautomationlabs.automationFramework.base.TestBase  - Finding Element: By.cssSelector: input[value='Login']
2023-07-08 21:28:28 INFO  TestBase:93 - Found Element: By.cssSelector: input[value='Login']
73016 [main] INFO com.naveenautomationlabs.automationFramework.base.TestBase  - Found Element: By.cssSelector: input[value='Login']
2023-07-08 21:28:29 INFO  TestBase:105 - Clicked ON: [[ChromeDriver: chrome on WINDOWS (488b844be9b41bb175c6af3422c7b6d4)] -> css selector: input[value='Login']]
73639 [main] INFO com.naveenautomationlabs.automationFramework.base.TestBase  - Clicked ON: [[ChromeDriver: chrome on WINDOWS (488b844be9b41bb175c6af3422c7b6d4)] -> css selector: input[value='Login']]
2023-07-08 21:28:29 INFO  TestBase:87 - Finding Element: By.cssSelector: #content h2
73643 [main] INFO com.naveenautomationlabs.automationFramework.base.TestBase  - Finding Element: By.cssSelector: #content h2
2023-07-08 21:28:29 INFO  TestBase:93 - Found Element: By.cssSelector: #content h2
73751 [main] INFO com.naveenautomationlabs.automationFramework.base.TestBase  - Found Element: By.cssSelector: #content h2
]]></system-out>
    <system-err><![CDATA[Starting ChromeDriver 114.0.5735.90 (386bc09e8f4f2e025eddae123f36f6263096ae49-refs/branch-heads/5735@{#1052}) on port 38268
Only local connections are allowed.
Please see https://chromedriver.chromium.org/security-considerations for suggestions on keeping ChromeDriver safe.
ChromeDriver was started successfully.
Jul. 08, 2023 9:28:19 P.M. org.openqa.selenium.remote.ProtocolHandshake createSession
INFO: Detected dialect: W3C
]]></system-err>
  </testcase>
  <testcase name="validateSideNavigationBar" classname="com.naveenautomationlabs.automationFramework.tests.MyAccountTest" time="2.219">
    <failure message="navigation option  is not clicked expected [true] but found [false]" type="java.lang.AssertionError">java.lang.AssertionError: navigation option  is not clicked expected [true] but found [false]
	at com.naveenautomationlabs.automationFramework.tests.MyAccountTest.validateSideNavigationBar(MyAccountTest.java:42)
</failure>
    <system-out><![CDATA[2023-07-08 21:28:31 INFO  TestBase:39 - Navigating to URL: https://naveenautomationlabs.com/opencart/index.php?route=common/home
76321 [main] INFO com.naveenautomationlabs.automationFramework.base.TestBase  - Navigating to URL: https://naveenautomationlabs.com/opencart/index.php?route=common/home
2023-07-08 21:28:37 INFO  TestBase:45 - Navigated to URL: https://naveenautomationlabs.com/opencart/index.php?route=common/home
81966 [main] INFO com.naveenautomationlabs.automationFramework.base.TestBase  - Navigated to URL: https://naveenautomationlabs.com/opencart/index.php?route=common/home
2023-07-08 21:28:37 INFO  TestBase:87 - Finding Element: By.cssSelector: ul.list-inline>li:nth-of-type(2) a
82218 [main] INFO com.naveenautomationlabs.automationFramework.base.TestBase  - Finding Element: By.cssSelector: ul.list-inline>li:nth-of-type(2) a
2023-07-08 21:28:37 INFO  TestBase:93 - Found Element: By.cssSelector: ul.list-inline>li:nth-of-type(2) a
82251 [main] INFO com.naveenautomationlabs.automationFramework.base.TestBase  - Found Element: By.cssSelector: ul.list-inline>li:nth-of-type(2) a
2023-07-08 21:28:37 INFO  TestBase:105 - Clicked ON: [[ChromeDriver: chrome on WINDOWS (9ae497f1cca1edb5207529869735f9c4)] -> css selector: ul.list-inline>li:nth-of-type(2) a]
82342 [main] INFO com.naveenautomationlabs.automationFramework.base.TestBase  - Clicked ON: [[ChromeDriver: chrome on WINDOWS (9ae497f1cca1edb5207529869735f9c4)] -> css selector: ul.list-inline>li:nth-of-type(2) a]
2023-07-08 21:28:37 INFO  TestBase:87 - Finding Element: By.cssSelector: ul.dropdown-menu  li:nth-of-type(2) a
82344 [main] INFO com.naveenautomationlabs.automationFramework.base.TestBase  - Finding Element: By.cssSelector: ul.dropdown-menu  li:nth-of-type(2) a
2023-07-08 21:28:38 INFO  TestBase:93 - Found Element: By.cssSelector: ul.dropdown-menu  li:nth-of-type(2) a
82426 [main] INFO com.naveenautomationlabs.automationFramework.base.TestBase  - Found Element: By.cssSelector: ul.dropdown-menu  li:nth-of-type(2) a
2023-07-08 21:28:38 INFO  TestBase:105 - Clicked ON: [[ChromeDriver: chrome on WINDOWS (9ae497f1cca1edb5207529869735f9c4)] -> css selector: ul.dropdown-menu  li:nth-of-type(2) a]
83137 [main] INFO com.naveenautomationlabs.automationFramework.base.TestBase  - Clicked ON: [[ChromeDriver: chrome on WINDOWS (9ae497f1cca1edb5207529869735f9c4)] -> css selector: ul.dropdown-menu  li:nth-of-type(2) a]
2023-07-08 21:28:38 INFO  TestBase:87 - Finding Element: By.cssSelector: input[value='Login']
83138 [main] INFO com.naveenautomationlabs.automationFramework.base.TestBase  - Finding Element: By.cssSelector: input[value='Login']
2023-07-08 21:28:38 INFO  TestBase:93 - Found Element: By.cssSelector: input[value='Login']
83193 [main] INFO com.naveenautomationlabs.automationFramework.base.TestBase  - Found Element: By.cssSelector: input[value='Login']
2023-07-08 21:28:39 INFO  TestBase:105 - Clicked ON: [[ChromeDriver: chrome on WINDOWS (9ae497f1cca1edb5207529869735f9c4)] -> css selector: input[value='Login']]
84044 [main] INFO com.naveenautomationlabs.automationFramework.base.TestBase  - Clicked ON: [[ChromeDriver: chrome on WINDOWS (9ae497f1cca1edb5207529869735f9c4)] -> css selector: input[value='Login']]
2023-07-08 21:28:39 INFO  TestBase:87 - Finding Element: By.cssSelector: div.list-group a
84046 [main] INFO com.naveenautomationlabs.automationFramework.base.TestBase  - Finding Element: By.cssSelector: div.list-group a
2023-07-08 21:28:39 INFO  TestBase:93 - Found Element: By.cssSelector: div.list-group a
84145 [main] INFO com.naveenautomationlabs.automationFramework.base.TestBase  - Found Element: By.cssSelector: div.list-group a
]]></system-out>
    <system-err><![CDATA[Starting ChromeDriver 114.0.5735.90 (386bc09e8f4f2e025eddae123f36f6263096ae49-refs/branch-heads/5735@{#1052}) on port 25632
Only local connections are allowed.
Please see https://chromedriver.chromium.org/security-considerations for suggestions on keeping ChromeDriver safe.
ChromeDriver was started successfully.
Jul. 08, 2023 9:28:31 P.M. org.openqa.selenium.remote.ProtocolHandshake createSession
INFO: Detected dialect: W3C
]]></system-err>
  </testcase>
  <testcase name="validateUserRegisterWithAlreadyRegisteredEmail" classname="com.naveenautomationlabs.automationFramework.tests.RegisterAccountTest" time="4.574"/>
  <testcase name="failedTestCaseExample" classname="com.naveenautomationlabs.automationFramework.tests.YourStoreTest" time="0">
    <failure message="expected [Kaur] but found [Manpreet]" type="java.lang.AssertionError">java.lang.AssertionError: expected [Kaur] but found [Manpreet]
	at com.naveenautomationlabs.automationFramework.tests.YourStoreTest.failedTestCaseExample(YourStoreTest.java:33)
</failure>
    <system-out><![CDATA[2023-07-08 21:28:54 INFO  TestBase:39 - Navigating to URL: https://naveenautomationlabs.com/opencart/index.php?route=common/home
98739 [main] INFO com.naveenautomationlabs.automationFramework.base.TestBase  - Navigating to URL: https://naveenautomationlabs.com/opencart/index.php?route=common/home
2023-07-08 21:28:59 INFO  TestBase:45 - Navigated to URL: https://naveenautomationlabs.com/opencart/index.php?route=common/home
104354 [main] INFO com.naveenautomationlabs.automationFramework.base.TestBase  - Navigated to URL: https://naveenautomationlabs.com/opencart/index.php?route=common/home
]]></system-out>
    <system-err><![CDATA[Starting ChromeDriver 114.0.5735.90 (386bc09e8f4f2e025eddae123f36f6263096ae49-refs/branch-heads/5735@{#1052}) on port 42886
Only local connections are allowed.
Please see https://chromedriver.chromium.org/security-considerations for suggestions on keeping ChromeDriver safe.
ChromeDriver was started successfully.
Jul. 08, 2023 9:28:54 P.M. org.openqa.selenium.remote.ProtocolHandshake createSession
INFO: Detected dialect: W3C
]]></system-err>
  </testcase>
  <testcase name="validateIsDisplayImageMoving" classname="com.naveenautomationlabs.automationFramework.tests.YourStoreTest" time="10.389"/>
  <testcase name="validateIsImageSelectedFromVisibleText" classname="com.naveenautomationlabs.automationFramework.tests.YourStoreTest" time="0.001">
    <failure message="Entered text is null." type="java.lang.IllegalArgumentException">java.lang.IllegalArgumentException: Entered text is null.
	at com.naveenautomationlabs.automationFramework.tests.YourStoreTest.validateIsImageSelectedFromVisibleText(YourStoreTest.java:56)
</failure>
    <system-out><![CDATA[2023-07-08 21:29:20 INFO  TestBase:39 - Navigating to URL: https://naveenautomationlabs.com/opencart/index.php?route=common/home
124441 [main] INFO com.naveenautomationlabs.automationFramework.base.TestBase  - Navigating to URL: https://naveenautomationlabs.com/opencart/index.php?route=common/home
2023-07-08 21:29:25 INFO  TestBase:45 - Navigated to URL: https://naveenautomationlabs.com/opencart/index.php?route=common/home
130232 [main] INFO com.naveenautomationlabs.automationFramework.base.TestBase  - Navigated to URL: https://naveenautomationlabs.com/opencart/index.php?route=common/home
]]></system-out>
    <system-err><![CDATA[Starting ChromeDriver 114.0.5735.90 (386bc09e8f4f2e025eddae123f36f6263096ae49-refs/branch-heads/5735@{#1052}) on port 18308
Only local connections are allowed.
Please see https://chromedriver.chromium.org/security-considerations for suggestions on keeping ChromeDriver safe.
ChromeDriver was started successfully.
Jul. 08, 2023 9:29:20 P.M. org.openqa.selenium.remote.ProtocolHandshake createSession
INFO: Detected dialect: W3C
]]></system-err>
  </testcase>
  <testcase name="validateItemsAddedToTheWishlist" classname="com.naveenautomationlabs.automationFramework.tests.YourStoreTest" time="0.911"/>
  <testcase name="validateLogoIsDisplayed" classname="com.naveenautomationlabs.automationFramework.tests.YourStoreTest" time="0.078"/>
  <testcase name="test" classname="com.naveenautomationlabs.automationFramework.tests.MyWishListTest" time="3.103">
    <failure type="java.util.NoSuchElementException">java.util.NoSuchElementException
	at com.naveenautomationlabs.automationFramework.tests.MyWishListTest.test(MyWishListTest.java:41)
</failure>
    <system-out><![CDATA[2023-07-08 21:29:43 INFO  TestBase:39 - Navigating to URL: https://naveenautomationlabs.com/opencart/index.php?route=common/home
148299 [main] INFO com.naveenautomationlabs.automationFramework.base.TestBase  - Navigating to URL: https://naveenautomationlabs.com/opencart/index.php?route=common/home
2023-07-08 21:29:51 INFO  TestBase:45 - Navigated to URL: https://naveenautomationlabs.com/opencart/index.php?route=common/home
155500 [main] INFO com.naveenautomationlabs.automationFramework.base.TestBase  - Navigated to URL: https://naveenautomationlabs.com/opencart/index.php?route=common/home
2023-07-08 21:29:51 INFO  TestBase:87 - Finding Element: By.cssSelector: ul.list-inline>li:nth-of-type(2) a
155698 [main] INFO com.naveenautomationlabs.automationFramework.base.TestBase  - Finding Element: By.cssSelector: ul.list-inline>li:nth-of-type(2) a
2023-07-08 21:29:51 INFO  TestBase:93 - Found Element: By.cssSelector: ul.list-inline>li:nth-of-type(2) a
155755 [main] INFO com.naveenautomationlabs.automationFramework.base.TestBase  - Found Element: By.cssSelector: ul.list-inline>li:nth-of-type(2) a
2023-07-08 21:29:51 INFO  TestBase:105 - Clicked ON: [[ChromeDriver: chrome on WINDOWS (0652c26c34b1037a289e6258fbf661e6)] -> css selector: ul.list-inline>li:nth-of-type(2) a]
155839 [main] INFO com.naveenautomationlabs.automationFramework.base.TestBase  - Clicked ON: [[ChromeDriver: chrome on WINDOWS (0652c26c34b1037a289e6258fbf661e6)] -> css selector: ul.list-inline>li:nth-of-type(2) a]
2023-07-08 21:29:51 INFO  TestBase:87 - Finding Element: By.cssSelector: ul.dropdown-menu  li:nth-of-type(2) a
155842 [main] INFO com.naveenautomationlabs.automationFramework.base.TestBase  - Finding Element: By.cssSelector: ul.dropdown-menu  li:nth-of-type(2) a
2023-07-08 21:29:51 INFO  TestBase:93 - Found Element: By.cssSelector: ul.dropdown-menu  li:nth-of-type(2) a
156037 [main] INFO com.naveenautomationlabs.automationFramework.base.TestBase  - Found Element: By.cssSelector: ul.dropdown-menu  li:nth-of-type(2) a
2023-07-08 21:29:52 INFO  TestBase:105 - Clicked ON: [[ChromeDriver: chrome on WINDOWS (0652c26c34b1037a289e6258fbf661e6)] -> css selector: ul.dropdown-menu  li:nth-of-type(2) a]
156753 [main] INFO com.naveenautomationlabs.automationFramework.base.TestBase  - Clicked ON: [[ChromeDriver: chrome on WINDOWS (0652c26c34b1037a289e6258fbf661e6)] -> css selector: ul.dropdown-menu  li:nth-of-type(2) a]
2023-07-08 21:29:52 INFO  TestBase:87 - Finding Element: By.cssSelector: input[value='Login']
156754 [main] INFO com.naveenautomationlabs.automationFramework.base.TestBase  - Finding Element: By.cssSelector: input[value='Login']
2023-07-08 21:29:52 INFO  TestBase:93 - Found Element: By.cssSelector: input[value='Login']
156820 [main] INFO com.naveenautomationlabs.automationFramework.base.TestBase  - Found Element: By.cssSelector: input[value='Login']
2023-07-08 21:29:53 INFO  TestBase:105 - Clicked ON: [[ChromeDriver: chrome on WINDOWS (0652c26c34b1037a289e6258fbf661e6)] -> css selector: input[value='Login']]
157695 [main] INFO com.naveenautomationlabs.automationFramework.base.TestBase  - Clicked ON: [[ChromeDriver: chrome on WINDOWS (0652c26c34b1037a289e6258fbf661e6)] -> css selector: input[value='Login']]
2023-07-08 21:29:53 INFO  TestBase:87 - Finding Element: By.cssSelector: ul.list-inline li:nth-of-type(3) span
157696 [main] INFO com.naveenautomationlabs.automationFramework.base.TestBase  - Finding Element: By.cssSelector: ul.list-inline li:nth-of-type(3) span
2023-07-08 21:29:53 INFO  TestBase:93 - Found Element: By.cssSelector: ul.list-inline li:nth-of-type(3) span
157760 [main] INFO com.naveenautomationlabs.automationFramework.base.TestBase  - Found Element: By.cssSelector: ul.list-inline li:nth-of-type(3) span
2023-07-08 21:29:54 INFO  TestBase:105 - Clicked ON: [[ChromeDriver: chrome on WINDOWS (0652c26c34b1037a289e6258fbf661e6)] -> css selector: ul.list-inline li:nth-of-type(3) span]
158704 [main] INFO com.naveenautomationlabs.automationFramework.base.TestBase  - Clicked ON: [[ChromeDriver: chrome on WINDOWS (0652c26c34b1037a289e6258fbf661e6)] -> css selector: ul.list-inline li:nth-of-type(3) span]
2023-07-08 21:29:54 INFO  TestBase:87 - Finding Element: By.cssSelector: table.table  thead tr td
158735 [main] INFO com.naveenautomationlabs.automationFramework.base.TestBase  - Finding Element: By.cssSelector: table.table  thead tr td
2023-07-08 21:29:54 INFO  TestBase:93 - Found Element: By.cssSelector: table.table  thead tr td
158795 [main] INFO com.naveenautomationlabs.automationFramework.base.TestBase  - Found Element: By.cssSelector: table.table  thead tr td
]]></system-out>
    <system-err><![CDATA[Starting ChromeDriver 114.0.5735.90 (386bc09e8f4f2e025eddae123f36f6263096ae49-refs/branch-heads/5735@{#1052}) on port 7129
Only local connections are allowed.
Please see https://chromedriver.chromium.org/security-considerations for suggestions on keeping ChromeDriver safe.
ChromeDriver was started successfully.
Jul. 08, 2023 9:29:43 P.M. org.openqa.selenium.remote.ProtocolHandshake createSession
INFO: Detected dialect: W3C
]]></system-err>
  </testcase>
  <testcase name="validateSearchBar" classname="com.naveenautomationlabs.automationFramework.tests.SearchIphoneTest" time="1.298"/>
</testsuite>