<!DOCTYPE html PUBLIC "-//W3C//DTD XHTML 1.1//EN" "https://www.w3.org/TR/xhtml11/DTD/xhtml11.dtd">
<html xmlns="https://www.w3.org/1999/xhtml">
<head>
<meta http-equiv="content-type" content="text/html; charset=UTF-8"/>
<title>TestNG Report</title>
<style type="text/css">table {margin-bottom:10px;border-collapse:collapse;empty-cells:show}th,td {border:1px solid #009;padding:.25em .5em}th {vertical-align:bottom}td {vertical-align:top}table a {font-weight:bold}.stripe td {background-color: #E6EBF9}.num {text-align:right}.passedodd td {background-color: #3F3}.passedeven td {background-color: #0A0}.skippedodd td {background-color: #DDD}.skippedeven td {background-color: #CCC}.failedodd td,.attn {background-color: #F33}.failedeven td,.stripe .attn {background-color: #D00}.stacktrace {white-space:pre;font-family:monospace}.totop {font-size:85%;text-align:center;border-bottom:2px solid #000}.invisible {display:none}</style>
</head>
<body>
<table>
<tr><th>Test</th><th># Passed</th><th># Skipped</th><th># Retried</th><th># Failed</th><th>Time (ms)</th><th>Included Groups</th><th>Excluded Groups</th></tr>
<tr><th colspan="8">Suite</th></tr>
<tr><td><a href="#t0">Test</a></td><td class="num">9</td><td class="num">0</td><td class="num attn">5</td><td class="num attn">5</td><td class="num">245,579</td><td></td><td></td></tr>
</table>
<table id='summary'><thead><tr><th>Class</th><th>Method</th><th>Start</th><th>Time (ms)</th></tr></thead><tbody><tr><th colspan="4">Suite</th></tr></tbody><tbody id="t0"><tr><th colspan="4">Test &#8212; failed</th></tr><tr class="failedeven"><td rowspan="1">com.naveenautomationlabs.automationFramework.tests.AccountHasBeenCreatedTest</td><td><a href="#m0">validateUserRegisterWithValidDetails</a></td><td rowspan="1">1688876638764</td><td rowspan="1">3913</td></tr><tr class="failedodd"><td rowspan="2">com.naveenautomationlabs.automationFramework.tests.MyAccountTest</td><td><a href="#m1">validateLoginUsingValidCredential</a></td><td rowspan="1">1688876571948</td><td rowspan="1">2027</td></tr><tr class="failedodd"><td><a href="#m2">validateSideNavigationBar</a></td><td rowspan="1">1688876594596</td><td rowspan="1">2020</td></tr><tr class="failedeven"><td rowspan="2">com.naveenautomationlabs.automationFramework.tests.YourStoreTest</td><td><a href="#m3">failedTestCaseExample</a></td><td rowspan="1">1688876425445</td><td rowspan="1">4</td></tr><tr class="failedeven"><td><a href="#m4">validateIsImageSelectedFromVisibleText</a></td><td rowspan="1">1688876459437</td><td rowspan="1">3</td></tr><tr><th colspan="4">Test &#8212; retried</th></tr><tr class="retriedeven"><td rowspan="1">com.naveenautomationlabs.automationFramework.tests.AccountHasBeenCreatedTest</td><td><a href="#m5">validateUserRegisterWithValidDetails</a></td><td rowspan="1">1688876625005</td><td rowspan="1">4675</td></tr><tr class="retriedodd"><td rowspan="2">com.naveenautomationlabs.automationFramework.tests.MyAccountTest</td><td><a href="#m6">validateLoginUsingValidCredential</a></td><td rowspan="1">1688876559888</td><td rowspan="1">2038</td></tr><tr class="retriedodd"><td><a href="#m7">validateSideNavigationBar</a></td><td rowspan="1">1688876584177</td><td rowspan="1">2171</td></tr><tr class="retriedeven"><td rowspan="2">com.naveenautomationlabs.automationFramework.tests.YourStoreTest</td><td><a href="#m8">failedTestCaseExample</a></td><td rowspan="1">1688876418388</td><td rowspan="1">13</td></tr><tr class="retriedeven"><td><a href="#m9">validateIsImageSelectedFromVisibleText</a></td><td rowspan="1">1688876451763</td><td rowspan="1">3</td></tr><tr><th colspan="4">Test &#8212; passed</th></tr><tr class="passedeven"><td rowspan="4">com.naveenautomationlabs.automationFramework.tests.MyAccountTest</td><td><a href="#m10">loginTest</a></td><td rowspan="4">1688876523117</td><td rowspan="4">2698</td></tr><tr class="passedeven"><td><a href="#m11">loginTest</a></td></tr><tr class="passedeven"><td><a href="#m12">loginTest</a></td></tr><tr class="passedeven"><td><a href="#m13">loginTest</a></td></tr><tr class="passedodd"><td rowspan="1">com.naveenautomationlabs.automationFramework.tests.RegisterAccountTest</td><td><a href="#m14">validateUserRegisterWithAlreadyRegisteredEmail</a></td><td rowspan="1">1688876607273</td><td rowspan="1">5608</td></tr><tr class="passedeven"><td rowspan="1">com.naveenautomationlabs.automationFramework.tests.SearchIphoneTest</td><td><a href="#m15">validateSearchBar</a></td><td rowspan="1">1688876651778</td><td rowspan="1">1230</td></tr><tr class="passedodd"><td rowspan="3">com.naveenautomationlabs.automationFramework.tests.YourStoreTest</td><td><a href="#m16">validateIsDisplayImageMoving</a></td><td rowspan="1">1688876433311</td><td rowspan="1">10372</td></tr><tr class="passedodd"><td><a href="#m17">validateItemsAddedToTheWishlist</a></td><td rowspan="1">1688876468542</td><td rowspan="1">950</td></tr><tr class="passedodd"><td><a href="#m18">validateLogoIsDisplayed</a></td><td rowspan="1">1688876476640</td><td rowspan="1">72</td></tr></tbody>
</table>
<h2>Test</h2><h3 id="m0">com.naveenautomationlabs.automationFramework.tests.AccountHasBeenCreatedTest#validateUserRegisterWithValidDetails</h3><table class="result"><tr><th>Exception</th></tr><tr><td><div class="stacktrace">java.lang.AssertionError: Unable to create account expected [Your Account Has Been Created!] but found [Register Account]
	at com.naveenautomationlabs.automationFramework.tests.AccountHasBeenCreatedTest.validateUserRegisterWithValidDetails(AccountHasBeenCreatedTest.java:32)
	at java.base/java.util.ArrayList.forEach(ArrayList.java:1511)
... Removed 32 stack frames</div></td></tr></table><p class="totop"><a href="#summary">back to summary</a></p>
<h3 id="m1">com.naveenautomationlabs.automationFramework.tests.MyAccountTest#validateLoginUsingValidCredential</h3><table class="result"><tr><th>Exception</th></tr><tr><td><div class="stacktrace">java.lang.AssertionError: You are on wrong page expected [My Account] but found [New Customer]
	at com.naveenautomationlabs.automationFramework.tests.MyAccountTest.validateLoginUsingValidCredential(MyAccountTest.java:33)
	at java.base/java.util.ArrayList.forEach(ArrayList.java:1511)
... Removed 32 stack frames</div></td></tr></table><p class="totop"><a href="#summary">back to summary</a></p>
<h3 id="m2">com.naveenautomationlabs.automationFramework.tests.MyAccountTest#validateSideNavigationBar</h3><table class="result"><tr><th>Exception</th></tr><tr><td><div class="stacktrace">java.lang.AssertionError: navigation option  is not clicked expected [true] but found [false]
	at com.naveenautomationlabs.automationFramework.tests.MyAccountTest.validateSideNavigationBar(MyAccountTest.java:42)
	at java.base/java.util.ArrayList.forEach(ArrayList.java:1511)
... Removed 30 stack frames</div></td></tr></table><p class="totop"><a href="#summary">back to summary</a></p>
<h3 id="m3">com.naveenautomationlabs.automationFramework.tests.YourStoreTest#failedTestCaseExample</h3><table class="result"><tr><th>Exception</th></tr><tr><td><div class="stacktrace">java.lang.AssertionError: expected [Kaur] but found [Manpreet]
	at com.naveenautomationlabs.automationFramework.tests.YourStoreTest.failedTestCaseExample(YourStoreTest.java:33)
	at java.base/java.util.ArrayList.forEach(ArrayList.java:1511)
... Removed 33 stack frames</div></td></tr></table><p class="totop"><a href="#summary">back to summary</a></p>
<h3 id="m4">com.naveenautomationlabs.automationFramework.tests.YourStoreTest#validateIsImageSelectedFromVisibleText</h3><table class="result"><tr><th>Exception</th></tr><tr><td><div class="stacktrace">java.lang.IllegalArgumentException: Entered text is null.
	at com.naveenautomationlabs.automationFramework.pages.YourStore.selectItemFromText(YourStore.java:111)
	at com.naveenautomationlabs.automationFramework.tests.YourStoreTest.validateIsImageSelectedFromVisibleText(YourStoreTest.java:56)
	at java.base/java.util.ArrayList.forEach(ArrayList.java:1511)
... Removed 27 stack frames</div></td></tr></table><p class="totop"><a href="#summary">back to summary</a></p>
<h3 id="m5">com.naveenautomationlabs.automationFramework.tests.AccountHasBeenCreatedTest#validateUserRegisterWithValidDetails</h3><table class="result"><tr><th>Exception</th></tr><tr><td><div class="stacktrace">java.lang.AssertionError: Unable to create account expected [Your Account Has Been Created!] but found [Register Account]
	at com.naveenautomationlabs.automationFramework.tests.AccountHasBeenCreatedTest.validateUserRegisterWithValidDetails(AccountHasBeenCreatedTest.java:32)
	at java.base/java.util.ArrayList.forEach(ArrayList.java:1511)
... Removed 32 stack frames</div></td></tr></table><p class="totop"><a href="#summary">back to summary</a></p>
<h3 id="m6">com.naveenautomationlabs.automationFramework.tests.MyAccountTest#validateLoginUsingValidCredential</h3><table class="result"><tr><th>Exception</th></tr><tr><td><div class="stacktrace">java.lang.AssertionError: You are on wrong page expected [My Account] but found [New Customer]
	at com.naveenautomationlabs.automationFramework.tests.MyAccountTest.validateLoginUsingValidCredential(MyAccountTest.java:33)
	at java.base/java.util.ArrayList.forEach(ArrayList.java:1511)
... Removed 32 stack frames</div></td></tr></table><p class="totop"><a href="#summary">back to summary</a></p>
<h3 id="m7">com.naveenautomationlabs.automationFramework.tests.MyAccountTest#validateSideNavigationBar</h3><table class="result"><tr><th>Exception</th></tr><tr><td><div class="stacktrace">java.lang.AssertionError: navigation option  is not clicked expected [true] but found [false]
	at com.naveenautomationlabs.automationFramework.tests.MyAccountTest.validateSideNavigationBar(MyAccountTest.java:42)
	at java.base/java.util.ArrayList.forEach(ArrayList.java:1511)
... Removed 30 stack frames</div></td></tr></table><p class="totop"><a href="#summary">back to summary</a></p>
<h3 id="m8">com.naveenautomationlabs.automationFramework.tests.YourStoreTest#failedTestCaseExample</h3><table class="result"><tr><th>Exception</th></tr><tr><td><div class="stacktrace">java.lang.AssertionError: expected [Kaur] but found [Manpreet]
	at com.naveenautomationlabs.automationFramework.tests.YourStoreTest.failedTestCaseExample(YourStoreTest.java:33)
	at java.base/java.util.ArrayList.forEach(ArrayList.java:1511)
... Removed 33 stack frames</div></td></tr></table><p class="totop"><a href="#summary">back to summary</a></p>
<h3 id="m9">com.naveenautomationlabs.automationFramework.tests.YourStoreTest#validateIsImageSelectedFromVisibleText</h3><table class="result"><tr><th>Exception</th></tr><tr><td><div class="stacktrace">java.lang.IllegalArgumentException: Entered text is null.
	at com.naveenautomationlabs.automationFramework.pages.YourStore.selectItemFromText(YourStore.java:111)
	at com.naveenautomationlabs.automationFramework.tests.YourStoreTest.validateIsImageSelectedFromVisibleText(YourStoreTest.java:56)
	at java.base/java.util.ArrayList.forEach(ArrayList.java:1511)
... Removed 27 stack frames</div></td></tr></table><p class="totop"><a href="#summary">back to summary</a></p>
<h3 id="m10">com.naveenautomationlabs.automationFramework.tests.MyAccountTest#loginTest</h3><table class="result"><tr class="param"><th>Parameter #1</th><th>Parameter #2</th></tr><tr class="param stripe"><td>ryan@gmail.com</td><td>changePass1</td></tr></table><p class="totop"><a href="#summary">back to summary</a></p>
<h3 id="m11">com.naveenautomationlabs.automationFramework.tests.MyAccountTest#loginTest</h3><table class="result"><tr class="param"><th>Parameter #1</th><th>Parameter #2</th></tr><tr class="param stripe"><td>jainrajat1234@gmail.com</td><td>RAJATjain</td></tr></table><p class="totop"><a href="#summary">back to summary</a></p>
<h3 id="m12">com.naveenautomationlabs.automationFramework.tests.MyAccountTest#loginTest</h3><table class="result"><tr class="param"><th>Parameter #1</th><th>Parameter #2</th></tr><tr class="param stripe"><td>manpreetkaur1991@gmail.com</td><td>manpreetkaur</td></tr></table><p class="totop"><a href="#summary">back to summary</a></p>
<h3 id="m13">com.naveenautomationlabs.automationFramework.tests.MyAccountTest#loginTest</h3><table class="result"><tr class="param"><th>Parameter #1</th><th>Parameter #2</th></tr><tr class="param stripe"><td>tony@gamil.com</td><td>Password2</td></tr></table><p class="totop"><a href="#summary">back to summary</a></p>
<h3 id="m14">com.naveenautomationlabs.automationFramework.tests.RegisterAccountTest#validateUserRegisterWithAlreadyRegisteredEmail</h3><table class="result"><tr><th class="invisible"/></tr></table><p class="totop"><a href="#summary">back to summary</a></p>
<h3 id="m15">com.naveenautomationlabs.automationFramework.tests.SearchIphoneTest#validateSearchBar</h3><table class="result"><tr><th class="invisible"/></tr></table><p class="totop"><a href="#summary">back to summary</a></p>
<h3 id="m16">com.naveenautomationlabs.automationFramework.tests.YourStoreTest#validateIsDisplayImageMoving</h3><table class="result"><tr><th class="invisible"/></tr></table><p class="totop"><a href="#summary">back to summary</a></p>
<h3 id="m17">com.naveenautomationlabs.automationFramework.tests.YourStoreTest#validateItemsAddedToTheWishlist</h3><table class="result"><tr><th class="invisible"/></tr></table><p class="totop"><a href="#summary">back to summary</a></p>
<h3 id="m18">com.naveenautomationlabs.automationFramework.tests.YourStoreTest#validateLogoIsDisplayed</h3><table class="result"><tr><th class="invisible"/></tr></table><p class="totop"><a href="#summary">back to summary</a></p>
</body>
</html>
