<?xml version="1.0" encoding="UTF-8"?>
<testng-results retried="3" ignored="0" total="14" passed="9" failed="2" skipped="0">
  <reporter-output>
  </reporter-output>
  <suite started-at="2023-07-10T13:19:03 EDT" name="Suite" finished-at="2023-07-10T13:21:51 EDT" duration-ms="167665">
    <groups>
    </groups>
    <test started-at="2023-07-10T13:19:03 EDT" name="Test" finished-at="2023-07-10T13:21:51 EDT" duration-ms="167665">
      <class name="com.naveenautomationlabs.automationFramework.tests.RegisterAccountTest">
        <test-method is-config="true" signature="setUpLogger()[pri:0, instance:com.naveenautomationlabs.automationFramework.tests.RegisterAccountTest@303cf2ba]" started-at="2023-07-10T13:20:55 EDT" name="setUpLogger" finished-at="2023-07-10T13:20:55 EDT" duration-ms="4" status="PASS">
          <reporter-output>
          </reporter-output>
        </test-method> <!-- setUpLogger -->
        <test-method is-config="true" signature="setUp()[pri:0, instance:com.naveenautomationlabs.automationFramework.tests.RegisterAccountTest@303cf2ba]" started-at="2023-07-10T13:20:55 EDT" name="setUp" finished-at="2023-07-10T13:21:02 EDT" duration-ms="7158" status="PASS">
          <reporter-output>
          </reporter-output>
        </test-method> <!-- setUp -->
        <test-method retried="true" signature="validateUserRegisterWithAlreadyRegisteredEmail()[pri:0, instance:com.naveenautomationlabs.automationFramework.tests.RegisterAccountTest@303cf2ba]" started-at="2023-07-10T13:21:02 EDT" name="validateUserRegisterWithAlreadyRegisteredEmail" finished-at="2023-07-10T13:21:06 EDT" duration-ms="4039" status="SKIP">
          <exception class="org.openqa.selenium.NoSuchElementException">
            <message>
              <![CDATA[no such element: Unable to locate element: {"method":"css selector","selector":"div.alert"}
  (Session info: chrome=114.0.5735.199)
For documentation on this error, please visit: https://www.seleniumhq.org/exceptions/no_such_element.html
Build info: version: '3.141.59', revision: 'e82be7d358', time: '2018-11-14T08:17:03'
System info: host: 'GURI_BADWAL', ip: '192.168.0.12', os.name: 'Windows 10', os.arch: 'amd64', os.version: '10.0', java.version: '17.0.7'
Driver info: org.openqa.selenium.chrome.ChromeDriver
Capabilities {acceptInsecureCerts: false, browserName: chrome, browserVersion: 114.0.5735.199, chrome: {chromedriverVersion: 114.0.5735.90 (386bc09e8f4f..., userDataDir: C:\Users\GURWIN~1\AppData\L...}, goog:chromeOptions: {debuggerAddress: localhost:54985}, javascriptEnabled: true, networkConnectionEnabled: false, pageLoadStrategy: normal, platform: WINDOWS, platformName: WINDOWS, proxy: Proxy(), setWindowRect: true, strictFileInteractability: false, timeouts: {implicit: 0, pageLoad: 300000, script: 30000}, unhandledPromptBehavior: dismiss and notify, webauthn:extension:credBlob: true, webauthn:extension:largeBlob: true, webauthn:extension:minPinLength: true, webauthn:extension:prf: true, webauthn:virtualAuthenticators: true}
Session ID: fedf31ef44d0beccf243bc25baea5a4f
*** Element info: {Using=css selector, value=div.alert}]]>
            </message>
            <full-stacktrace>
              <![CDATA[org.openqa.selenium.NoSuchElementException: no such element: Unable to locate element: {"method":"css selector","selector":"div.alert"}
  (Session info: chrome=114.0.5735.199)
For documentation on this error, please visit: https://www.seleniumhq.org/exceptions/no_such_element.html
Build info: version: '3.141.59', revision: 'e82be7d358', time: '2018-11-14T08:17:03'
System info: host: 'GURI_BADWAL', ip: '192.168.0.12', os.name: 'Windows 10', os.arch: 'amd64', os.version: '10.0', java.version: '17.0.7'
Driver info: org.openqa.selenium.chrome.ChromeDriver
Capabilities {acceptInsecureCerts: false, browserName: chrome, browserVersion: 114.0.5735.199, chrome: {chromedriverVersion: 114.0.5735.90 (386bc09e8f4f..., userDataDir: C:\Users\GURWIN~1\AppData\L...}, goog:chromeOptions: {debuggerAddress: localhost:54985}, javascriptEnabled: true, networkConnectionEnabled: false, pageLoadStrategy: normal, platform: WINDOWS, platformName: WINDOWS, proxy: Proxy(), setWindowRect: true, strictFileInteractability: false, timeouts: {implicit: 0, pageLoad: 300000, script: 30000}, unhandledPromptBehavior: dismiss and notify, webauthn:extension:credBlob: true, webauthn:extension:largeBlob: true, webauthn:extension:minPinLength: true, webauthn:extension:prf: true, webauthn:virtualAuthenticators: true}
Session ID: fedf31ef44d0beccf243bc25baea5a4f
*** Element info: {Using=css selector, value=div.alert}
at java.base/jdk.internal.reflect.NativeConstructorAccessorImpl.newInstance0(Native Method)
at java.base/jdk.internal.reflect.NativeConstructorAccessorImpl.newInstance(NativeConstructorAccessorImpl.java:77)
at java.base/jdk.internal.reflect.DelegatingConstructorAccessorImpl.newInstance(DelegatingConstructorAccessorImpl.java:45)
at java.base/java.lang.reflect.Constructor.newInstanceWithCaller(Constructor.java:499)
at java.base/java.lang.reflect.Constructor.newInstance(Constructor.java:480)
at org.openqa.selenium.remote.http.W3CHttpResponseCodec.createException(W3CHttpResponseCodec.java:187)
at org.openqa.selenium.remote.http.W3CHttpResponseCodec.decode(W3CHttpResponseCodec.java:122)
at org.openqa.selenium.remote.http.W3CHttpResponseCodec.decode(W3CHttpResponseCodec.java:49)
at org.openqa.selenium.remote.HttpCommandExecutor.execute(HttpCommandExecutor.java:158)
at org.openqa.selenium.remote.service.DriverCommandExecutor.execute(DriverCommandExecutor.java:83)
at org.openqa.selenium.remote.RemoteWebDriver.execute(RemoteWebDriver.java:552)
at org.openqa.selenium.remote.RemoteWebDriver.findElement(RemoteWebDriver.java:323)
at org.openqa.selenium.remote.RemoteWebDriver.findElementByCssSelector(RemoteWebDriver.java:420)
at org.openqa.selenium.By$ByCssSelector.findElement(By.java:431)
at org.openqa.selenium.remote.RemoteWebDriver.findElement(RemoteWebDriver.java:315)
at jdk.internal.reflect.GeneratedMethodAccessor7.invoke(Unknown Source)
at java.base/jdk.internal.reflect.DelegatingMethodAccessorImpl.invoke(DelegatingMethodAccessorImpl.java:43)
at java.base/java.lang.reflect.Method.invoke(Method.java:568)
at org.openqa.selenium.support.events.EventFiringWebDriver.lambda$new$1(EventFiringWebDriver.java:105)
at jdk.proxy2/jdk.proxy2.$Proxy19.findElement(Unknown Source)
at org.openqa.selenium.support.events.EventFiringWebDriver.findElement(EventFiringWebDriver.java:194)
at org.openqa.selenium.support.pagefactory.DefaultElementLocator.findElement(DefaultElementLocator.java:69)
at org.openqa.selenium.support.pagefactory.internal.LocatingElementHandler.invoke(LocatingElementHandler.java:38)
at jdk.proxy2/jdk.proxy2.$Proxy15.getText(Unknown Source)
at com.naveenautomationlabs.automationFramework.pages.RegisterAccount.getEmailAlreadyEixtsMessage(RegisterAccount.java:121)
at com.naveenautomationlabs.automationFramework.tests.RegisterAccountTest.validateUserRegisterWithAlreadyRegisteredEmail(RegisterAccountTest.java:30)
at java.base/jdk.internal.reflect.NativeMethodAccessorImpl.invoke0(Native Method)
at java.base/jdk.internal.reflect.NativeMethodAccessorImpl.invoke(NativeMethodAccessorImpl.java:77)
at java.base/jdk.internal.reflect.DelegatingMethodAccessorImpl.invoke(DelegatingMethodAccessorImpl.java:43)
at java.base/java.lang.reflect.Method.invoke(Method.java:568)
at org.testng.internal.MethodInvocationHelper.invokeMethod(MethodInvocationHelper.java:133)
at org.testng.internal.TestInvoker.invokeMethod(TestInvoker.java:598)
at org.testng.internal.TestInvoker.invokeTestMethod(TestInvoker.java:173)
at org.testng.internal.MethodRunner.runInSequence(MethodRunner.java:46)
at org.testng.internal.TestInvoker$MethodInvocationAgent.invoke(TestInvoker.java:824)
at org.testng.internal.TestInvoker.invokeTestMethods(TestInvoker.java:146)
at org.testng.internal.TestMethodWorker.invokeTestMethods(TestMethodWorker.java:146)
at org.testng.internal.TestMethodWorker.run(TestMethodWorker.java:128)
at java.base/java.util.ArrayList.forEach(ArrayList.java:1511)
at org.testng.TestRunner.privateRun(TestRunner.java:794)
at org.testng.TestRunner.run(TestRunner.java:596)
at org.testng.SuiteRunner.runTest(SuiteRunner.java:377)
at org.testng.SuiteRunner.runSequentially(SuiteRunner.java:371)
at org.testng.SuiteRunner.privateRun(SuiteRunner.java:332)
at org.testng.SuiteRunner.run(SuiteRunner.java:276)
at org.testng.SuiteRunnerWorker.runSuite(SuiteRunnerWorker.java:53)
at org.testng.SuiteRunnerWorker.run(SuiteRunnerWorker.java:96)
at org.testng.TestNG.runSuitesSequentially(TestNG.java:1212)
at org.testng.TestNG.runSuitesLocally(TestNG.java:1134)
at org.testng.TestNG.runSuites(TestNG.java:1063)
at org.testng.TestNG.run(TestNG.java:1031)
at org.testng.remote.AbstractRemoteTestNG.run(AbstractRemoteTestNG.java:115)
at org.testng.remote.RemoteTestNG.initAndRun(RemoteTestNG.java:251)
at org.testng.remote.RemoteTestNG.main(RemoteTestNG.java:77)
]]>
            </full-stacktrace>
          </exception> <!-- org.openqa.selenium.NoSuchElementException -->
          <reporter-output>
          </reporter-output>
        </test-method> <!-- validateUserRegisterWithAlreadyRegisteredEmail -->
        <test-method is-config="true" signature="quit()[pri:0, instance:com.naveenautomationlabs.automationFramework.tests.RegisterAccountTest@303cf2ba]" started-at="2023-07-10T13:21:06 EDT" name="quit" finished-at="2023-07-10T13:21:06 EDT" duration-ms="173" status="PASS">
          <reporter-output>
          </reporter-output>
        </test-method> <!-- quit -->
        <test-method is-config="true" signature="setUp()[pri:0, instance:com.naveenautomationlabs.automationFramework.tests.RegisterAccountTest@303cf2ba]" started-at="2023-07-10T13:21:06 EDT" name="setUp" finished-at="2023-07-10T13:21:14 EDT" duration-ms="7362" status="PASS">
          <reporter-output>
          </reporter-output>
        </test-method> <!-- setUp -->
        <test-method signature="validateUserRegisterWithAlreadyRegisteredEmail()[pri:0, instance:com.naveenautomationlabs.automationFramework.tests.RegisterAccountTest@303cf2ba]" started-at="2023-07-10T13:21:14 EDT" name="validateUserRegisterWithAlreadyRegisteredEmail" finished-at="2023-07-10T13:21:17 EDT" duration-ms="3726" status="PASS">
          <reporter-output>
          </reporter-output>
        </test-method> <!-- validateUserRegisterWithAlreadyRegisteredEmail -->
        <test-method is-config="true" signature="quit()[pri:0, instance:com.naveenautomationlabs.automationFramework.tests.RegisterAccountTest@303cf2ba]" started-at="2023-07-10T13:21:17 EDT" name="quit" finished-at="2023-07-10T13:21:18 EDT" duration-ms="283" status="PASS">
          <reporter-output>
          </reporter-output>
        </test-method> <!-- quit -->
      </class> <!-- com.naveenautomationlabs.automationFramework.tests.RegisterAccountTest -->
      <class name="com.naveenautomationlabs.automationFramework.tests.YourStoreTest">
        <test-method is-config="true" signature="setUpLogger()[pri:0, instance:com.naveenautomationlabs.automationFramework.tests.YourStoreTest@24569dba]" started-at="2023-07-10T13:19:04 EDT" name="setUpLogger" finished-at="2023-07-10T13:19:04 EDT" duration-ms="87" status="PASS">
          <reporter-output>
          </reporter-output>
        </test-method> <!-- setUpLogger -->
        <test-method is-config="true" signature="setUp()[pri:0, instance:com.naveenautomationlabs.automationFramework.tests.YourStoreTest@24569dba]" started-at="2023-07-10T13:19:04 EDT" name="setUp" finished-at="2023-07-10T13:19:17 EDT" duration-ms="13354" status="PASS">
          <reporter-output>
          </reporter-output>
        </test-method> <!-- setUp -->
        <test-method signature="validateIsDisplayImageMoving()[pri:0, instance:com.naveenautomationlabs.automationFramework.tests.YourStoreTest@24569dba]" started-at="2023-07-10T13:19:17 EDT" name="validateIsDisplayImageMoving" finished-at="2023-07-10T13:19:28 EDT" duration-ms="10700" status="PASS">
          <reporter-output>
          </reporter-output>
        </test-method> <!-- validateIsDisplayImageMoving -->
        <test-method is-config="true" signature="quit()[pri:0, instance:com.naveenautomationlabs.automationFramework.tests.YourStoreTest@24569dba]" started-at="2023-07-10T13:19:28 EDT" name="quit" finished-at="2023-07-10T13:19:29 EDT" duration-ms="679" status="PASS">
          <reporter-output>
          </reporter-output>
        </test-method> <!-- quit -->
        <test-method is-config="true" signature="setUp()[pri:0, instance:com.naveenautomationlabs.automationFramework.tests.YourStoreTest@24569dba]" started-at="2023-07-10T13:19:29 EDT" name="setUp" finished-at="2023-07-10T13:19:44 EDT" duration-ms="15102" status="PASS">
          <reporter-output>
          </reporter-output>
        </test-method> <!-- setUp -->
        <test-method signature="validateItemsAddedToTheWishlist()[pri:0, instance:com.naveenautomationlabs.automationFramework.tests.YourStoreTest@24569dba]" started-at="2023-07-10T13:19:44 EDT" name="validateItemsAddedToTheWishlist" finished-at="2023-07-10T13:19:45 EDT" duration-ms="1212" status="PASS">
          <reporter-output>
          </reporter-output>
        </test-method> <!-- validateItemsAddedToTheWishlist -->
        <test-method is-config="true" signature="quit()[pri:0, instance:com.naveenautomationlabs.automationFramework.tests.YourStoreTest@24569dba]" started-at="2023-07-10T13:19:45 EDT" name="quit" finished-at="2023-07-10T13:19:45 EDT" duration-ms="338" status="PASS">
          <reporter-output>
          </reporter-output>
        </test-method> <!-- quit -->
        <test-method is-config="true" signature="setUp()[pri:0, instance:com.naveenautomationlabs.automationFramework.tests.YourStoreTest@24569dba]" started-at="2023-07-10T13:19:45 EDT" name="setUp" finished-at="2023-07-10T13:19:53 EDT" duration-ms="7770" status="PASS">
          <reporter-output>
          </reporter-output>
        </test-method> <!-- setUp -->
        <test-method signature="validateLogoIsDisplayed()[pri:0, instance:com.naveenautomationlabs.automationFramework.tests.YourStoreTest@24569dba]" started-at="2023-07-10T13:19:53 EDT" name="validateLogoIsDisplayed" finished-at="2023-07-10T13:19:53 EDT" duration-ms="60" status="PASS">
          <reporter-output>
          </reporter-output>
        </test-method> <!-- validateLogoIsDisplayed -->
        <test-method is-config="true" signature="quit()[pri:0, instance:com.naveenautomationlabs.automationFramework.tests.YourStoreTest@24569dba]" started-at="2023-07-10T13:19:53 EDT" name="quit" finished-at="2023-07-10T13:19:53 EDT" duration-ms="173" status="PASS">
          <reporter-output>
          </reporter-output>
        </test-method> <!-- quit -->
      </class> <!-- com.naveenautomationlabs.automationFramework.tests.YourStoreTest -->
      <class name="com.naveenautomationlabs.automationFramework.tests.MyAccountTest">
        <test-method is-config="true" signature="setUpLogger()[pri:0, instance:com.naveenautomationlabs.automationFramework.tests.MyAccountTest@1033576a]" started-at="2023-07-10T13:19:53 EDT" name="setUpLogger" finished-at="2023-07-10T13:19:53 EDT" duration-ms="5" status="PASS">
          <reporter-output>
          </reporter-output>
        </test-method> <!-- setUpLogger -->
        <test-method is-config="true" signature="setUp()[pri:0, instance:com.naveenautomationlabs.automationFramework.tests.MyAccountTest@1033576a]" started-at="2023-07-10T13:19:55 EDT" name="setUp" finished-at="2023-07-10T13:20:02 EDT" duration-ms="6998" status="PASS">
          <reporter-output>
          </reporter-output>
        </test-method> <!-- setUp -->
        <test-method signature="loginTest(java.lang.String,java.lang.String)[pri:0, instance:com.naveenautomationlabs.automationFramework.tests.MyAccountTest@1033576a]" started-at="2023-07-10T13:20:02 EDT" name="loginTest" data-provider="LoginDataProvider" finished-at="2023-07-10T13:20:04 EDT" duration-ms="2464" status="PASS">
          <params>
            <param index="0">
              <value>
                <![CDATA[tony@gamil.com]]>
              </value>
            </param>
            <param index="1">
              <value>
                <![CDATA[Password2]]>
              </value>
            </param>
          </params>
          <reporter-output>
          </reporter-output>
        </test-method> <!-- loginTest -->
        <test-method is-config="true" signature="quit()[pri:0, instance:com.naveenautomationlabs.automationFramework.tests.MyAccountTest@1033576a]" started-at="2023-07-10T13:20:04 EDT" name="quit" finished-at="2023-07-10T13:20:04 EDT" duration-ms="190" status="PASS">
          <reporter-output>
          </reporter-output>
        </test-method> <!-- quit -->
        <test-method is-config="true" signature="setUp()[pri:0, instance:com.naveenautomationlabs.automationFramework.tests.MyAccountTest@1033576a]" started-at="2023-07-10T13:20:04 EDT" name="setUp" finished-at="2023-07-10T13:20:12 EDT" duration-ms="7415" status="PASS">
          <reporter-output>
          </reporter-output>
        </test-method> <!-- setUp -->
        <test-method signature="loginTest(java.lang.String,java.lang.String)[pri:0, instance:com.naveenautomationlabs.automationFramework.tests.MyAccountTest@1033576a]" started-at="2023-07-10T13:20:12 EDT" name="loginTest" data-provider="LoginDataProvider" finished-at="2023-07-10T13:20:14 EDT" duration-ms="2530" status="PASS">
          <params>
            <param index="0">
              <value>
                <![CDATA[manpreetkaur1991@gmail.com]]>
              </value>
            </param>
            <param index="1">
              <value>
                <![CDATA[manpreetkaur]]>
              </value>
            </param>
          </params>
          <reporter-output>
          </reporter-output>
        </test-method> <!-- loginTest -->
        <test-method is-config="true" signature="quit()[pri:0, instance:com.naveenautomationlabs.automationFramework.tests.MyAccountTest@1033576a]" started-at="2023-07-10T13:20:14 EDT" name="quit" finished-at="2023-07-10T13:20:15 EDT" duration-ms="227" status="PASS">
          <reporter-output>
          </reporter-output>
        </test-method> <!-- quit -->
        <test-method is-config="true" signature="setUp()[pri:0, instance:com.naveenautomationlabs.automationFramework.tests.MyAccountTest@1033576a]" started-at="2023-07-10T13:20:15 EDT" name="setUp" finished-at="2023-07-10T13:20:22 EDT" duration-ms="7148" status="PASS">
          <reporter-output>
          </reporter-output>
        </test-method> <!-- setUp -->
        <test-method signature="loginTest(java.lang.String,java.lang.String)[pri:0, instance:com.naveenautomationlabs.automationFramework.tests.MyAccountTest@1033576a]" started-at="2023-07-10T13:20:22 EDT" name="loginTest" data-provider="LoginDataProvider" finished-at="2023-07-10T13:20:24 EDT" duration-ms="2086" status="PASS">
          <params>
            <param index="0">
              <value>
                <![CDATA[ryan@gmail.com]]>
              </value>
            </param>
            <param index="1">
              <value>
                <![CDATA[changePass1]]>
              </value>
            </param>
          </params>
          <reporter-output>
          </reporter-output>
        </test-method> <!-- loginTest -->
        <test-method is-config="true" signature="quit()[pri:0, instance:com.naveenautomationlabs.automationFramework.tests.MyAccountTest@1033576a]" started-at="2023-07-10T13:20:24 EDT" name="quit" finished-at="2023-07-10T13:20:24 EDT" duration-ms="228" status="PASS">
          <reporter-output>
          </reporter-output>
        </test-method> <!-- quit -->
        <test-method is-config="true" signature="setUp()[pri:0, instance:com.naveenautomationlabs.automationFramework.tests.MyAccountTest@1033576a]" started-at="2023-07-10T13:20:24 EDT" name="setUp" finished-at="2023-07-10T13:20:32 EDT" duration-ms="7393" status="PASS">
          <reporter-output>
          </reporter-output>
        </test-method> <!-- setUp -->
        <test-method signature="loginTest(java.lang.String,java.lang.String)[pri:0, instance:com.naveenautomationlabs.automationFramework.tests.MyAccountTest@1033576a]" started-at="2023-07-10T13:20:32 EDT" name="loginTest" data-provider="LoginDataProvider" finished-at="2023-07-10T13:20:34 EDT" duration-ms="2535" status="PASS">
          <params>
            <param index="0">
              <value>
                <![CDATA[jainrajat1234@gmail.com]]>
              </value>
            </param>
            <param index="1">
              <value>
                <![CDATA[RAJATjain]]>
              </value>
            </param>
          </params>
          <reporter-output>
          </reporter-output>
        </test-method> <!-- loginTest -->
        <test-method is-config="true" signature="quit()[pri:0, instance:com.naveenautomationlabs.automationFramework.tests.MyAccountTest@1033576a]" started-at="2023-07-10T13:20:34 EDT" name="quit" finished-at="2023-07-10T13:20:34 EDT" duration-ms="218" status="PASS">
          <reporter-output>
          </reporter-output>
        </test-method> <!-- quit -->
        <test-method is-config="true" signature="setUp()[pri:0, instance:com.naveenautomationlabs.automationFramework.tests.MyAccountTest@1033576a]" started-at="2023-07-10T13:20:34 EDT" name="setUp" finished-at="2023-07-10T13:20:42 EDT" duration-ms="7385" status="PASS">
          <reporter-output>
          </reporter-output>
        </test-method> <!-- setUp -->
        <test-method retried="true" signature="validateSideNavigationBar()[pri:0, instance:com.naveenautomationlabs.automationFramework.tests.MyAccountTest@1033576a]" started-at="2023-07-10T13:20:42 EDT" name="validateSideNavigationBar" finished-at="2023-07-10T13:20:44 EDT" duration-ms="1934" status="SKIP">
          <exception class="java.lang.AssertionError">
            <message>
              <![CDATA[navigation option  is not clicked expected [true] but found [false]]]>
            </message>
            <full-stacktrace>
              <![CDATA[java.lang.AssertionError: navigation option  is not clicked expected [true] but found [false]
at org.testng.Assert.fail(Assert.java:99)
at org.testng.Assert.failNotEquals(Assert.java:1037)
at org.testng.Assert.assertTrue(Assert.java:45)
at com.naveenautomationlabs.automationFramework.tests.MyAccountTest.validateSideNavigationBar(MyAccountTest.java:45)
at java.base/jdk.internal.reflect.NativeMethodAccessorImpl.invoke0(Native Method)
at java.base/jdk.internal.reflect.NativeMethodAccessorImpl.invoke(NativeMethodAccessorImpl.java:77)
at java.base/jdk.internal.reflect.DelegatingMethodAccessorImpl.invoke(DelegatingMethodAccessorImpl.java:43)
at java.base/java.lang.reflect.Method.invoke(Method.java:568)
at org.testng.internal.MethodInvocationHelper.invokeMethod(MethodInvocationHelper.java:133)
at org.testng.internal.TestInvoker.invokeMethod(TestInvoker.java:598)
at org.testng.internal.TestInvoker.invokeTestMethod(TestInvoker.java:173)
at org.testng.internal.MethodRunner.runInSequence(MethodRunner.java:46)
at org.testng.internal.TestInvoker$MethodInvocationAgent.invoke(TestInvoker.java:824)
at org.testng.internal.TestInvoker.invokeTestMethods(TestInvoker.java:146)
at org.testng.internal.TestMethodWorker.invokeTestMethods(TestMethodWorker.java:146)
at org.testng.internal.TestMethodWorker.run(TestMethodWorker.java:128)
at java.base/java.util.ArrayList.forEach(ArrayList.java:1511)
at org.testng.TestRunner.privateRun(TestRunner.java:794)
at org.testng.TestRunner.run(TestRunner.java:596)
at org.testng.SuiteRunner.runTest(SuiteRunner.java:377)
at org.testng.SuiteRunner.runSequentially(SuiteRunner.java:371)
at org.testng.SuiteRunner.privateRun(SuiteRunner.java:332)
at org.testng.SuiteRunner.run(SuiteRunner.java:276)
at org.testng.SuiteRunnerWorker.runSuite(SuiteRunnerWorker.java:53)
at org.testng.SuiteRunnerWorker.run(SuiteRunnerWorker.java:96)
at org.testng.TestNG.runSuitesSequentially(TestNG.java:1212)
at org.testng.TestNG.runSuitesLocally(TestNG.java:1134)
at org.testng.TestNG.runSuites(TestNG.java:1063)
at org.testng.TestNG.run(TestNG.java:1031)
at org.testng.remote.AbstractRemoteTestNG.run(AbstractRemoteTestNG.java:115)
at org.testng.remote.RemoteTestNG.initAndRun(RemoteTestNG.java:251)
at org.testng.remote.RemoteTestNG.main(RemoteTestNG.java:77)
]]>
            </full-stacktrace>
          </exception> <!-- java.lang.AssertionError -->
          <reporter-output>
          </reporter-output>
        </test-method> <!-- validateSideNavigationBar -->
        <test-method is-config="true" signature="quit()[pri:0, instance:com.naveenautomationlabs.automationFramework.tests.MyAccountTest@1033576a]" started-at="2023-07-10T13:20:44 EDT" name="quit" finished-at="2023-07-10T13:20:44 EDT" duration-ms="208" status="PASS">
          <reporter-output>
          </reporter-output>
        </test-method> <!-- quit -->
        <test-method is-config="true" signature="setUp()[pri:0, instance:com.naveenautomationlabs.automationFramework.tests.MyAccountTest@1033576a]" started-at="2023-07-10T13:20:44 EDT" name="setUp" finished-at="2023-07-10T13:20:52 EDT" duration-ms="8352" status="PASS">
          <reporter-output>
          </reporter-output>
        </test-method> <!-- setUp -->
        <test-method signature="validateSideNavigationBar()[pri:0, instance:com.naveenautomationlabs.automationFramework.tests.MyAccountTest@1033576a]" started-at="2023-07-10T13:20:52 EDT" name="validateSideNavigationBar" finished-at="2023-07-10T13:20:54 EDT" duration-ms="2092" status="FAIL">
          <exception class="java.lang.AssertionError">
            <message>
              <![CDATA[navigation option  is not clicked expected [true] but found [false]]]>
            </message>
            <full-stacktrace>
              <![CDATA[java.lang.AssertionError: navigation option  is not clicked expected [true] but found [false]
at org.testng.Assert.fail(Assert.java:99)
at org.testng.Assert.failNotEquals(Assert.java:1037)
at org.testng.Assert.assertTrue(Assert.java:45)
at com.naveenautomationlabs.automationFramework.tests.MyAccountTest.validateSideNavigationBar(MyAccountTest.java:45)
at java.base/jdk.internal.reflect.NativeMethodAccessorImpl.invoke0(Native Method)
at java.base/jdk.internal.reflect.NativeMethodAccessorImpl.invoke(NativeMethodAccessorImpl.java:77)
at java.base/jdk.internal.reflect.DelegatingMethodAccessorImpl.invoke(DelegatingMethodAccessorImpl.java:43)
at java.base/java.lang.reflect.Method.invoke(Method.java:568)
at org.testng.internal.MethodInvocationHelper.invokeMethod(MethodInvocationHelper.java:133)
at org.testng.internal.TestInvoker.invokeMethod(TestInvoker.java:598)
at org.testng.internal.TestInvoker.retryFailed(TestInvoker.java:213)
at org.testng.internal.MethodRunner.runInSequence(MethodRunner.java:58)
at org.testng.internal.TestInvoker$MethodInvocationAgent.invoke(TestInvoker.java:824)
at org.testng.internal.TestInvoker.invokeTestMethods(TestInvoker.java:146)
at org.testng.internal.TestMethodWorker.invokeTestMethods(TestMethodWorker.java:146)
at org.testng.internal.TestMethodWorker.run(TestMethodWorker.java:128)
at java.base/java.util.ArrayList.forEach(ArrayList.java:1511)
at org.testng.TestRunner.privateRun(TestRunner.java:794)
at org.testng.TestRunner.run(TestRunner.java:596)
at org.testng.SuiteRunner.runTest(SuiteRunner.java:377)
at org.testng.SuiteRunner.runSequentially(SuiteRunner.java:371)
at org.testng.SuiteRunner.privateRun(SuiteRunner.java:332)
at org.testng.SuiteRunner.run(SuiteRunner.java:276)
at org.testng.SuiteRunnerWorker.runSuite(SuiteRunnerWorker.java:53)
at org.testng.SuiteRunnerWorker.run(SuiteRunnerWorker.java:96)
at org.testng.TestNG.runSuitesSequentially(TestNG.java:1212)
at org.testng.TestNG.runSuitesLocally(TestNG.java:1134)
at org.testng.TestNG.runSuites(TestNG.java:1063)
at org.testng.TestNG.run(TestNG.java:1031)
at org.testng.remote.AbstractRemoteTestNG.run(AbstractRemoteTestNG.java:115)
at org.testng.remote.RemoteTestNG.initAndRun(RemoteTestNG.java:251)
at org.testng.remote.RemoteTestNG.main(RemoteTestNG.java:77)
]]>
            </full-stacktrace>
          </exception> <!-- java.lang.AssertionError -->
          <reporter-output>
          </reporter-output>
        </test-method> <!-- validateSideNavigationBar -->
        <test-method is-config="true" signature="quit()[pri:0, instance:com.naveenautomationlabs.automationFramework.tests.MyAccountTest@1033576a]" started-at="2023-07-10T13:20:54 EDT" name="quit" finished-at="2023-07-10T13:20:55 EDT" duration-ms="388" status="PASS">
          <reporter-output>
          </reporter-output>
        </test-method> <!-- quit -->
      </class> <!-- com.naveenautomationlabs.automationFramework.tests.MyAccountTest -->
      <class name="com.naveenautomationlabs.automationFramework.tests.AccountHasBeenCreatedTest">
        <test-method is-config="true" signature="setUpLogger()[pri:0, instance:com.naveenautomationlabs.automationFramework.tests.AccountHasBeenCreatedTest@2b30a42c]" started-at="2023-07-10T13:21:18 EDT" name="setUpLogger" finished-at="2023-07-10T13:21:18 EDT" duration-ms="3" status="PASS">
          <reporter-output>
          </reporter-output>
        </test-method> <!-- setUpLogger -->
        <test-method is-config="true" signature="setUp()[pri:0, instance:com.naveenautomationlabs.automationFramework.tests.AccountHasBeenCreatedTest@2b30a42c]" started-at="2023-07-10T13:21:18 EDT" name="setUp" finished-at="2023-07-10T13:21:25 EDT" duration-ms="7539" status="PASS">
          <reporter-output>
          </reporter-output>
        </test-method> <!-- setUp -->
        <test-method retried="true" signature="validateUserRegisterWithValidDetails()[pri:0, instance:com.naveenautomationlabs.automationFramework.tests.AccountHasBeenCreatedTest@2b30a42c]" started-at="2023-07-10T13:21:25 EDT" name="validateUserRegisterWithValidDetails" finished-at="2023-07-10T13:21:29 EDT" duration-ms="3762" status="SKIP">
          <exception class="java.lang.AssertionError">
            <message>
              <![CDATA[Unable to create account expected [Your Account Has Been Created!] but found [Register Account]]]>
            </message>
            <full-stacktrace>
              <![CDATA[java.lang.AssertionError: Unable to create account expected [Your Account Has Been Created!] but found [Register Account]
at org.testng.Assert.fail(Assert.java:99)
at org.testng.Assert.failNotEquals(Assert.java:1037)
at org.testng.Assert.assertEqualsImpl(Assert.java:140)
at org.testng.Assert.assertEquals(Assert.java:122)
at org.testng.Assert.assertEquals(Assert.java:629)
at com.naveenautomationlabs.automationFramework.tests.AccountHasBeenCreatedTest.validateUserRegisterWithValidDetails(AccountHasBeenCreatedTest.java:32)
at java.base/jdk.internal.reflect.NativeMethodAccessorImpl.invoke0(Native Method)
at java.base/jdk.internal.reflect.NativeMethodAccessorImpl.invoke(NativeMethodAccessorImpl.java:77)
at java.base/jdk.internal.reflect.DelegatingMethodAccessorImpl.invoke(DelegatingMethodAccessorImpl.java:43)
at java.base/java.lang.reflect.Method.invoke(Method.java:568)
at org.testng.internal.MethodInvocationHelper.invokeMethod(MethodInvocationHelper.java:133)
at org.testng.internal.TestInvoker.invokeMethod(TestInvoker.java:598)
at org.testng.internal.TestInvoker.invokeTestMethod(TestInvoker.java:173)
at org.testng.internal.MethodRunner.runInSequence(MethodRunner.java:46)
at org.testng.internal.TestInvoker$MethodInvocationAgent.invoke(TestInvoker.java:824)
at org.testng.internal.TestInvoker.invokeTestMethods(TestInvoker.java:146)
at org.testng.internal.TestMethodWorker.invokeTestMethods(TestMethodWorker.java:146)
at org.testng.internal.TestMethodWorker.run(TestMethodWorker.java:128)
at java.base/java.util.ArrayList.forEach(ArrayList.java:1511)
at org.testng.TestRunner.privateRun(TestRunner.java:794)
at org.testng.TestRunner.run(TestRunner.java:596)
at org.testng.SuiteRunner.runTest(SuiteRunner.java:377)
at org.testng.SuiteRunner.runSequentially(SuiteRunner.java:371)
at org.testng.SuiteRunner.privateRun(SuiteRunner.java:332)
at org.testng.SuiteRunner.run(SuiteRunner.java:276)
at org.testng.SuiteRunnerWorker.runSuite(SuiteRunnerWorker.java:53)
at org.testng.SuiteRunnerWorker.run(SuiteRunnerWorker.java:96)
at org.testng.TestNG.runSuitesSequentially(TestNG.java:1212)
at org.testng.TestNG.runSuitesLocally(TestNG.java:1134)
at org.testng.TestNG.runSuites(TestNG.java:1063)
at org.testng.TestNG.run(TestNG.java:1031)
at org.testng.remote.AbstractRemoteTestNG.run(AbstractRemoteTestNG.java:115)
at org.testng.remote.RemoteTestNG.initAndRun(RemoteTestNG.java:251)
at org.testng.remote.RemoteTestNG.main(RemoteTestNG.java:77)
]]>
            </full-stacktrace>
          </exception> <!-- java.lang.AssertionError -->
          <reporter-output>
          </reporter-output>
        </test-method> <!-- validateUserRegisterWithValidDetails -->
        <test-method is-config="true" signature="quit()[pri:0, instance:com.naveenautomationlabs.automationFramework.tests.AccountHasBeenCreatedTest@2b30a42c]" started-at="2023-07-10T13:21:29 EDT" name="quit" finished-at="2023-07-10T13:21:29 EDT" duration-ms="234" status="PASS">
          <reporter-output>
          </reporter-output>
        </test-method> <!-- quit -->
        <test-method is-config="true" signature="setUp()[pri:0, instance:com.naveenautomationlabs.automationFramework.tests.AccountHasBeenCreatedTest@2b30a42c]" started-at="2023-07-10T13:21:29 EDT" name="setUp" finished-at="2023-07-10T13:21:36 EDT" duration-ms="7337" status="PASS">
          <reporter-output>
          </reporter-output>
        </test-method> <!-- setUp -->
        <test-method signature="validateUserRegisterWithValidDetails()[pri:0, instance:com.naveenautomationlabs.automationFramework.tests.AccountHasBeenCreatedTest@2b30a42c]" started-at="2023-07-10T13:21:36 EDT" name="validateUserRegisterWithValidDetails" finished-at="2023-07-10T13:21:40 EDT" duration-ms="3921" status="FAIL">
          <exception class="java.lang.AssertionError">
            <message>
              <![CDATA[Unable to create account expected [Your Account Has Been Created!] but found [Register Account]]]>
            </message>
            <full-stacktrace>
              <![CDATA[java.lang.AssertionError: Unable to create account expected [Your Account Has Been Created!] but found [Register Account]
at org.testng.Assert.fail(Assert.java:99)
at org.testng.Assert.failNotEquals(Assert.java:1037)
at org.testng.Assert.assertEqualsImpl(Assert.java:140)
at org.testng.Assert.assertEquals(Assert.java:122)
at org.testng.Assert.assertEquals(Assert.java:629)
at com.naveenautomationlabs.automationFramework.tests.AccountHasBeenCreatedTest.validateUserRegisterWithValidDetails(AccountHasBeenCreatedTest.java:32)
at java.base/jdk.internal.reflect.NativeMethodAccessorImpl.invoke0(Native Method)
at java.base/jdk.internal.reflect.NativeMethodAccessorImpl.invoke(NativeMethodAccessorImpl.java:77)
at java.base/jdk.internal.reflect.DelegatingMethodAccessorImpl.invoke(DelegatingMethodAccessorImpl.java:43)
at java.base/java.lang.reflect.Method.invoke(Method.java:568)
at org.testng.internal.MethodInvocationHelper.invokeMethod(MethodInvocationHelper.java:133)
at org.testng.internal.TestInvoker.invokeMethod(TestInvoker.java:598)
at org.testng.internal.TestInvoker.retryFailed(TestInvoker.java:213)
at org.testng.internal.MethodRunner.runInSequence(MethodRunner.java:58)
at org.testng.internal.TestInvoker$MethodInvocationAgent.invoke(TestInvoker.java:824)
at org.testng.internal.TestInvoker.invokeTestMethods(TestInvoker.java:146)
at org.testng.internal.TestMethodWorker.invokeTestMethods(TestMethodWorker.java:146)
at org.testng.internal.TestMethodWorker.run(TestMethodWorker.java:128)
at java.base/java.util.ArrayList.forEach(ArrayList.java:1511)
at org.testng.TestRunner.privateRun(TestRunner.java:794)
at org.testng.TestRunner.run(TestRunner.java:596)
at org.testng.SuiteRunner.runTest(SuiteRunner.java:377)
at org.testng.SuiteRunner.runSequentially(SuiteRunner.java:371)
at org.testng.SuiteRunner.privateRun(SuiteRunner.java:332)
at org.testng.SuiteRunner.run(SuiteRunner.java:276)
at org.testng.SuiteRunnerWorker.runSuite(SuiteRunnerWorker.java:53)
at org.testng.SuiteRunnerWorker.run(SuiteRunnerWorker.java:96)
at org.testng.TestNG.runSuitesSequentially(TestNG.java:1212)
at org.testng.TestNG.runSuitesLocally(TestNG.java:1134)
at org.testng.TestNG.runSuites(TestNG.java:1063)
at org.testng.TestNG.run(TestNG.java:1031)
at org.testng.remote.AbstractRemoteTestNG.run(AbstractRemoteTestNG.java:115)
at org.testng.remote.RemoteTestNG.initAndRun(RemoteTestNG.java:251)
at org.testng.remote.RemoteTestNG.main(RemoteTestNG.java:77)
]]>
            </full-stacktrace>
          </exception> <!-- java.lang.AssertionError -->
          <reporter-output>
          </reporter-output>
        </test-method> <!-- validateUserRegisterWithValidDetails -->
        <test-method is-config="true" signature="quit()[pri:0, instance:com.naveenautomationlabs.automationFramework.tests.AccountHasBeenCreatedTest@2b30a42c]" started-at="2023-07-10T13:21:41 EDT" name="quit" finished-at="2023-07-10T13:21:41 EDT" duration-ms="228" status="PASS">
          <reporter-output>
          </reporter-output>
        </test-method> <!-- quit -->
      </class> <!-- com.naveenautomationlabs.automationFramework.tests.AccountHasBeenCreatedTest -->
      <class name="com.naveenautomationlabs.automationFramework.tests.SearchIphoneTest">
        <test-method is-config="true" signature="setUpLogger()[pri:0, instance:com.naveenautomationlabs.automationFramework.tests.SearchIphoneTest@23e84203]" started-at="2023-07-10T13:21:41 EDT" name="setUpLogger" finished-at="2023-07-10T13:21:41 EDT" duration-ms="3" status="PASS">
          <reporter-output>
          </reporter-output>
        </test-method> <!-- setUpLogger -->
        <test-method is-config="true" signature="setUp()[pri:0, instance:com.naveenautomationlabs.automationFramework.tests.SearchIphoneTest@23e84203]" started-at="2023-07-10T13:21:41 EDT" name="setUp" finished-at="2023-07-10T13:21:49 EDT" duration-ms="8469" status="PASS">
          <reporter-output>
          </reporter-output>
        </test-method> <!-- setUp -->
        <test-method signature="validateSearchBar()[pri:0, instance:com.naveenautomationlabs.automationFramework.tests.SearchIphoneTest@23e84203]" started-at="2023-07-10T13:21:49 EDT" name="validateSearchBar" finished-at="2023-07-10T13:21:50 EDT" duration-ms="1193" status="PASS">
          <reporter-output>
          </reporter-output>
        </test-method> <!-- validateSearchBar -->
        <test-method is-config="true" signature="quit()[pri:0, instance:com.naveenautomationlabs.automationFramework.tests.SearchIphoneTest@23e84203]" started-at="2023-07-10T13:21:50 EDT" name="quit" finished-at="2023-07-10T13:21:51 EDT" duration-ms="288" status="PASS">
          <reporter-output>
          </reporter-output>
        </test-method> <!-- quit -->
      </class> <!-- com.naveenautomationlabs.automationFramework.tests.SearchIphoneTest -->
    </test> <!-- Test -->
  </suite> <!-- Suite -->
</testng-results>
